mode: atomic
github.com/omrikiei/ktunnel/main.go:7.13,9.2 1 0
github.com/omrikiei/ktunnel/cmd/client.go:30.47,32.14 2 0
github.com/omrikiei/ktunnel/cmd/client.go:32.14,34.4 1 0
github.com/omrikiei/ktunnel/cmd/client.go:35.3,40.13 4 0
github.com/omrikiei/ktunnel/cmd/client.go:40.13,41.16 1 0
github.com/omrikiei/ktunnel/cmd/client.go:41.16,45.5 3 0
github.com/omrikiei/ktunnel/cmd/client.go:48.3,56.17 3 0
github.com/omrikiei/ktunnel/cmd/client.go:56.17,58.4 1 0
github.com/omrikiei/ktunnel/cmd/client.go:62.13,68.2 5 0
github.com/omrikiei/ktunnel/cmd/expose.go:50.47,52.14 2 0
github.com/omrikiei/ktunnel/cmd/expose.go:52.14,55.4 2 0
github.com/omrikiei/ktunnel/cmd/expose.go:56.3,62.40 5 0
github.com/omrikiei/ktunnel/cmd/expose.go:62.40,64.24 2 0
github.com/omrikiei/ktunnel/cmd/expose.go:64.24,66.13 2 0
github.com/omrikiei/ktunnel/cmd/expose.go:68.4,68.43 1 0
github.com/omrikiei/ktunnel/cmd/expose.go:71.3,72.42 2 0
github.com/omrikiei/ktunnel/cmd/expose.go:72.42,74.24 2 0
github.com/omrikiei/ktunnel/cmd/expose.go:74.24,76.13 2 0
github.com/omrikiei/ktunnel/cmd/expose.go:78.4,78.43 1 0
github.com/omrikiei/ktunnel/cmd/expose.go:81.3,82.47 2 0
github.com/omrikiei/ktunnel/cmd/expose.go:82.47,84.24 2 0
github.com/omrikiei/ktunnel/cmd/expose.go:84.24,86.13 2 0
github.com/omrikiei/ktunnel/cmd/expose.go:88.4,88.48 1 0
github.com/omrikiei/ktunnel/cmd/expose.go:91.3,92.40 2 0
github.com/omrikiei/ktunnel/cmd/expose.go:92.40,94.24 2 0
github.com/omrikiei/ktunnel/cmd/expose.go:94.24,96.13 2 0
github.com/omrikiei/ktunnel/cmd/expose.go:98.4,99.32 2 0
github.com/omrikiei/ktunnel/cmd/expose.go:99.32,101.13 2 0
github.com/omrikiei/ktunnel/cmd/expose.go:104.4,109.6 1 0
github.com/omrikiei/ktunnel/cmd/expose.go:112.3,112.12 1 0
github.com/omrikiei/ktunnel/cmd/expose.go:112.12,114.18 2 0
github.com/omrikiei/ktunnel/cmd/expose.go:114.18,116.5 1 0
github.com/omrikiei/ktunnel/cmd/expose.go:119.3,143.17 2 0
github.com/omrikiei/ktunnel/cmd/expose.go:143.17,145.4 1 0
github.com/omrikiei/ktunnel/cmd/expose.go:146.3,152.13 5 0
github.com/omrikiei/ktunnel/cmd/expose.go:152.13,153.16 1 0
github.com/omrikiei/ktunnel/cmd/expose.go:153.16,155.14 2 0
github.com/omrikiei/ktunnel/cmd/expose.go:155.14,157.6 1 0
github.com/omrikiei/ktunnel/cmd/expose.go:157.11,159.6 1 0
github.com/omrikiei/ktunnel/cmd/expose.go:160.5,161.15 2 0
github.com/omrikiei/ktunnel/cmd/expose.go:161.15,163.20 2 0
github.com/omrikiei/ktunnel/cmd/expose.go:163.20,165.7 1 0
github.com/omrikiei/ktunnel/cmd/expose.go:167.5,167.17 1 0
github.com/omrikiei/ktunnel/cmd/expose.go:171.3,179.17 6 0
github.com/omrikiei/ktunnel/cmd/expose.go:179.17,182.4 2 0
github.com/omrikiei/ktunnel/cmd/expose.go:183.3,183.40 1 0
github.com/omrikiei/ktunnel/cmd/expose.go:183.40,184.25 1 0
github.com/omrikiei/ktunnel/cmd/expose.go:184.25,186.19 2 0
github.com/omrikiei/ktunnel/cmd/expose.go:186.19,188.6 1 0
github.com/omrikiei/ktunnel/cmd/expose.go:189.5,195.12 3 0
github.com/omrikiei/ktunnel/cmd/expose.go:195.12,197.6 1 0
github.com/omrikiei/ktunnel/cmd/expose.go:198.5,199.19 2 0
github.com/omrikiei/ktunnel/cmd/expose.go:199.19,201.6 1 0
github.com/omrikiei/ktunnel/cmd/expose.go:204.3,204.9 1 0
github.com/omrikiei/ktunnel/cmd/expose.go:208.13,231.2 22 0
github.com/omrikiei/ktunnel/cmd/inject.go:39.47,41.14 2 0
github.com/omrikiei/ktunnel/cmd/inject.go:41.14,44.4 2 0
github.com/omrikiei/ktunnel/cmd/inject.go:45.3,50.17 5 0
github.com/omrikiei/ktunnel/cmd/inject.go:50.17,52.4 1 0
github.com/omrikiei/ktunnel/cmd/inject.go:54.3,62.13 6 0
github.com/omrikiei/ktunnel/cmd/inject.go:62.13,63.16 1 0
github.com/omrikiei/ktunnel/cmd/inject.go:63.16,68.14 5 0
github.com/omrikiei/ktunnel/cmd/inject.go:68.14,71.13 3 0
github.com/omrikiei/ktunnel/cmd/inject.go:71.13,73.7 1 0
github.com/omrikiei/ktunnel/cmd/inject.go:74.6,74.17 1 0
github.com/omrikiei/ktunnel/cmd/inject.go:76.5,77.17 2 0
github.com/omrikiei/ktunnel/cmd/inject.go:82.3,84.15 3 0
github.com/omrikiei/ktunnel/cmd/inject.go:84.15,88.4 3 0
github.com/omrikiei/ktunnel/cmd/inject.go:91.3,94.17 3 0
github.com/omrikiei/ktunnel/cmd/inject.go:94.17,97.4 2 0
github.com/omrikiei/ktunnel/cmd/inject.go:98.3,98.40 1 0
github.com/omrikiei/ktunnel/cmd/inject.go:98.40,99.25 1 0
github.com/omrikiei/ktunnel/cmd/inject.go:99.25,101.19 2 0
github.com/omrikiei/ktunnel/cmd/inject.go:101.19,103.6 1 0
github.com/omrikiei/ktunnel/cmd/inject.go:104.5,110.12 3 0
github.com/omrikiei/ktunnel/cmd/inject.go:110.12,112.6 1 0
github.com/omrikiei/ktunnel/cmd/inject.go:113.5,114.19 2 0
github.com/omrikiei/ktunnel/cmd/inject.go:114.19,116.6 1 0
github.com/omrikiei/ktunnel/cmd/inject.go:119.3,119.9 1 0
github.com/omrikiei/ktunnel/cmd/inject.go:123.13,142.2 18 0
github.com/omrikiei/ktunnel/cmd/root.go:38.16,39.54 1 0
github.com/omrikiei/ktunnel/cmd/root.go:39.54,41.17 2 0
github.com/omrikiei/ktunnel/cmd/root.go:41.17,43.4 1 0
github.com/omrikiei/ktunnel/cmd/root.go:46.2,46.42 1 0
github.com/omrikiei/ktunnel/cmd/root.go:46.42,49.3 2 0
github.com/omrikiei/ktunnel/cmd/root.go:52.13,57.2 4 0
github.com/omrikiei/ktunnel/cmd/server.go:26.47,28.14 2 0
github.com/omrikiei/ktunnel/cmd/server.go:28.14,30.4 1 0
github.com/omrikiei/ktunnel/cmd/server.go:31.3,36.13 4 0
github.com/omrikiei/ktunnel/cmd/server.go:36.13,37.16 1 0
github.com/omrikiei/ktunnel/cmd/server.go:37.16,41.5 3 0
github.com/omrikiei/ktunnel/cmd/server.go:43.3,44.10 2 0
github.com/omrikiei/ktunnel/cmd/server.go:44.10,46.4 1 0
github.com/omrikiei/ktunnel/cmd/server.go:47.3,48.17 2 0
github.com/omrikiei/ktunnel/cmd/server.go:48.17,50.4 1 0
github.com/omrikiei/ktunnel/cmd/server.go:54.13,58.2 3 0
github.com/omrikiei/ktunnel/cmd/version.go:9.13,11.2 1 0
github.com/omrikiei/ktunnel/cmd/version.go:17.47,18.14 1 0
github.com/omrikiei/ktunnel/cmd/version.go:18.14,20.4 1 0
github.com/omrikiei/ktunnel/cmd/version.go:21.3,21.23 1 0
github.com/omrikiei/ktunnel/pkg/common/common.go:33.27,35.19 2 0
github.com/omrikiei/ktunnel/pkg/common/common.go:35.19,38.3 2 0
github.com/omrikiei/ktunnel/pkg/common/common.go:39.2,39.12 1 0
github.com/omrikiei/ktunnel/pkg/common/common.go:39.12,42.3 2 0
github.com/omrikiei/ktunnel/pkg/common/common.go:51.41,63.2 4 0
github.com/omrikiei/ktunnel/pkg/common/common.go:65.65,77.2 4 0
github.com/omrikiei/ktunnel/pkg/common/common.go:79.43,80.44 1 0
github.com/omrikiei/ktunnel/pkg/common/common.go:80.44,82.3 1 0
github.com/omrikiei/ktunnel/pkg/common/common.go:83.2,84.18 2 0
github.com/omrikiei/ktunnel/pkg/common/common.go:87.48,89.8 2 0
github.com/omrikiei/ktunnel/pkg/common/common.go:89.8,91.3 1 0
github.com/omrikiei/ktunnel/pkg/common/common.go:92.2,92.16 1 0
github.com/omrikiei/ktunnel/pkg/common/common.go:95.53,97.19 2 0
github.com/omrikiei/ktunnel/pkg/common/common.go:97.19,99.3 1 0
github.com/omrikiei/ktunnel/pkg/common/common.go:100.2,100.19 1 0
github.com/omrikiei/ktunnel/pkg/common/common.go:100.19,102.17 2 0
github.com/omrikiei/ktunnel/pkg/common/common.go:102.17,104.4 1 0
github.com/omrikiei/ktunnel/pkg/common/common.go:105.3,109.9 1 0
github.com/omrikiei/ktunnel/pkg/common/common.go:111.2,111.19 1 0
github.com/omrikiei/ktunnel/pkg/common/common.go:111.19,113.17 2 0
github.com/omrikiei/ktunnel/pkg/common/common.go:113.17,115.4 1 0
github.com/omrikiei/ktunnel/pkg/common/common.go:116.3,117.17 2 0
github.com/omrikiei/ktunnel/pkg/common/common.go:117.17,119.4 1 0
github.com/omrikiei/ktunnel/pkg/common/common.go:120.3,124.9 1 0
github.com/omrikiei/ktunnel/pkg/common/common.go:126.2,126.19 1 0
github.com/omrikiei/ktunnel/pkg/common/common.go:126.19,128.17 2 0
github.com/omrikiei/ktunnel/pkg/common/common.go:128.17,130.4 1 0
github.com/omrikiei/ktunnel/pkg/common/common.go:131.3,132.17 2 0
github.com/omrikiei/ktunnel/pkg/common/common.go:132.17,134.4 1 0
github.com/omrikiei/ktunnel/pkg/common/common.go:135.3,139.9 1 0
github.com/omrikiei/ktunnel/pkg/common/common.go:141.2,141.72 1 0
github.com/omrikiei/ktunnel/pkg/client/client.go:26.139,28.6 1 0
github.com/omrikiei/ktunnel/pkg/client/client.go:28.6,31.10 3 0
github.com/omrikiei/ktunnel/pkg/client/client.go:32.30,35.14 3 0
github.com/omrikiei/ktunnel/pkg/client/client.go:36.11,37.18 1 0
github.com/omrikiei/ktunnel/pkg/client/client.go:37.18,39.15 2 0
github.com/omrikiei/ktunnel/pkg/client/client.go:42.4,43.18 2 0
github.com/omrikiei/ktunnel/pkg/client/client.go:43.18,45.5 1 0
github.com/omrikiei/ktunnel/pkg/client/client.go:47.4,48.23 2 0
github.com/omrikiei/ktunnel/pkg/client/client.go:48.23,57.19 3 0
github.com/omrikiei/ktunnel/pkg/client/client.go:57.19,65.20 4 0
github.com/omrikiei/ktunnel/pkg/client/client.go:65.20,67.7 1 0
github.com/omrikiei/ktunnel/pkg/client/client.go:69.6,69.14 1 0
github.com/omrikiei/ktunnel/pkg/client/client.go:70.11,73.6 2 0
github.com/omrikiei/ktunnel/pkg/client/client.go:74.10,74.28 1 0
github.com/omrikiei/ktunnel/pkg/client/client.go:74.28,76.5 1 0
github.com/omrikiei/ktunnel/pkg/client/client.go:79.4,79.38 1 0
github.com/omrikiei/ktunnel/pkg/client/client.go:84.88,85.27 1 0
github.com/omrikiei/ktunnel/pkg/client/client.go:85.27,89.3 3 0
github.com/omrikiei/ktunnel/pkg/client/client.go:91.2,93.19 3 0
github.com/omrikiei/ktunnel/pkg/client/client.go:93.19,98.17 5 0
github.com/omrikiei/ktunnel/pkg/client/client.go:98.17,102.4 3 0
github.com/omrikiei/ktunnel/pkg/client/client.go:106.97,112.6 4 0
github.com/omrikiei/ktunnel/pkg/client/client.go:112.6,114.10 2 0
github.com/omrikiei/ktunnel/pkg/client/client.go:115.33,116.10 1 0
github.com/omrikiei/ktunnel/pkg/client/client.go:117.11,118.18 1 0
github.com/omrikiei/ktunnel/pkg/client/client.go:118.18,119.22 1 0
github.com/omrikiei/ktunnel/pkg/client/client.go:119.22,122.6 1 0
github.com/omrikiei/ktunnel/pkg/client/client.go:122.11,124.6 1 0
github.com/omrikiei/ktunnel/pkg/client/client.go:126.5,128.15 3 0
github.com/omrikiei/ktunnel/pkg/client/client.go:131.4,134.14 3 0
github.com/omrikiei/ktunnel/pkg/client/client.go:134.14,137.5 2 0
github.com/omrikiei/ktunnel/pkg/client/client.go:138.4,140.18 2 0
github.com/omrikiei/ktunnel/pkg/client/client.go:140.18,142.15 2 0
github.com/omrikiei/ktunnel/pkg/client/client.go:144.4,144.26 1 0
github.com/omrikiei/ktunnel/pkg/client/client.go:148.2,148.78 1 0
github.com/omrikiei/ktunnel/pkg/client/client.go:151.97,152.6 1 0
github.com/omrikiei/ktunnel/pkg/client/client.go:152.6,153.10 1 0
github.com/omrikiei/ktunnel/pkg/client/client.go:154.34,155.10 1 0
github.com/omrikiei/ktunnel/pkg/client/client.go:156.30,163.18 5 0
github.com/omrikiei/ktunnel/pkg/client/client.go:163.18,166.5 2 0
github.com/omrikiei/ktunnel/pkg/client/client.go:168.4,182.18 6 0
github.com/omrikiei/ktunnel/pkg/client/client.go:182.18,185.5 2 0
github.com/omrikiei/ktunnel/pkg/client/client.go:186.4,189.52 1 0
github.com/omrikiei/ktunnel/pkg/client/client.go:195.59,197.16 2 0
github.com/omrikiei/ktunnel/pkg/client/client.go:197.16,199.3 1 0
github.com/omrikiei/ktunnel/pkg/client/client.go:201.2,202.14 2 0
github.com/omrikiei/ktunnel/pkg/client/client.go:202.14,204.17 2 0
github.com/omrikiei/ktunnel/pkg/client/client.go:204.17,206.4 1 0
github.com/omrikiei/ktunnel/pkg/client/client.go:207.3,207.68 1 0
github.com/omrikiei/ktunnel/pkg/client/client.go:208.8,210.3 1 0
github.com/omrikiei/ktunnel/pkg/client/client.go:212.2,213.16 2 0
github.com/omrikiei/ktunnel/pkg/client/client.go:213.16,215.3 1 0
github.com/omrikiei/ktunnel/pkg/client/client.go:216.2,219.45 3 0
github.com/omrikiei/ktunnel/pkg/client/client.go:219.45,221.17 2 0
github.com/omrikiei/ktunnel/pkg/client/client.go:221.17,223.12 2 0
github.com/omrikiei/ktunnel/pkg/client/client.go:226.3,226.13 1 0
github.com/omrikiei/ktunnel/pkg/client/client.go:226.13,229.19 3 0
github.com/omrikiei/ktunnel/pkg/client/client.go:229.19,231.5 1 0
github.com/omrikiei/ktunnel/pkg/client/client.go:233.4,240.18 3 0
github.com/omrikiei/ktunnel/pkg/client/client.go:240.18,242.5 1 0
github.com/omrikiei/ktunnel/pkg/client/client.go:242.10,244.19 2 0
github.com/omrikiei/ktunnel/pkg/client/client.go:244.19,247.6 2 0
github.com/omrikiei/ktunnel/pkg/client/client.go:249.5,251.40 3 0
github.com/omrikiei/ktunnel/pkg/client/client.go:257.2,258.12 2 0
github.com/omrikiei/ktunnel/pkg/client/client.go:262.50,272.25 2 0
github.com/omrikiei/ktunnel/pkg/client/client.go:272.25,273.32 1 0
github.com/omrikiei/ktunnel/pkg/client/client.go:273.32,275.4 1 0
github.com/omrikiei/ktunnel/pkg/client/client.go:278.2,278.27 1 0
github.com/omrikiei/ktunnel/pkg/client/client.go:278.27,280.3 1 0
github.com/omrikiei/ktunnel/pkg/client/client.go:282.2,282.37 1 0
github.com/omrikiei/ktunnel/pkg/client/client.go:282.37,284.3 1 0
github.com/omrikiei/ktunnel/pkg/client/client.go:286.2,286.17 1 0
github.com/omrikiei/ktunnel/pkg/client/client.go:290.44,291.33 1 0
github.com/omrikiei/ktunnel/pkg/client/client.go:291.33,295.3 3 0
github.com/omrikiei/ktunnel/pkg/client/client.go:301.51,302.33 1 0
github.com/omrikiei/ktunnel/pkg/client/client.go:302.33,303.25 1 0
github.com/omrikiei/ktunnel/pkg/client/client.go:303.25,305.4 1 0
github.com/omrikiei/ktunnel/pkg/client/client.go:306.3,308.13 3 0
github.com/omrikiei/ktunnel/pkg/client/client.go:314.43,315.33 1 0
github.com/omrikiei/ktunnel/pkg/client/client.go:315.33,318.3 2 0
github.com/omrikiei/ktunnel/pkg/client/client.go:324.59,325.33 1 0
github.com/omrikiei/ktunnel/pkg/client/client.go:325.33,329.3 3 0
github.com/omrikiei/ktunnel/tunnel_pb/tunnel.pb.go:53.35,55.2 1 0
github.com/omrikiei/ktunnel/tunnel_pb/tunnel.pb.go:57.50,59.2 1 0
github.com/omrikiei/ktunnel/tunnel_pb/tunnel.pb.go:78.39,80.2 1 0
github.com/omrikiei/ktunnel/tunnel_pb/tunnel.pb.go:82.54,84.2 1 0
github.com/omrikiei/ktunnel/tunnel_pb/tunnel.pb.go:94.38,94.59 1 0
github.com/omrikiei/ktunnel/tunnel_pb/tunnel.pb.go:95.38,95.75 1 0
github.com/omrikiei/ktunnel/tunnel_pb/tunnel.pb.go:96.39,96.40 0 0
github.com/omrikiei/ktunnel/tunnel_pb/tunnel.pb.go:97.49,99.2 1 0
github.com/omrikiei/ktunnel/tunnel_pb/tunnel.pb.go:101.52,103.2 1 0
github.com/omrikiei/ktunnel/tunnel_pb/tunnel.pb.go:104.80,106.2 1 0
github.com/omrikiei/ktunnel/tunnel_pb/tunnel.pb.go:107.51,109.2 1 0
github.com/omrikiei/ktunnel/tunnel_pb/tunnel.pb.go:110.37,112.2 1 0
github.com/omrikiei/ktunnel/tunnel_pb/tunnel.pb.go:113.43,115.2 1 0
github.com/omrikiei/ktunnel/tunnel_pb/tunnel.pb.go:119.45,120.14 1 0
github.com/omrikiei/ktunnel/tunnel_pb/tunnel.pb.go:120.14,122.3 1 0
github.com/omrikiei/ktunnel/tunnel_pb/tunnel.pb.go:123.2,123.22 1 0
github.com/omrikiei/ktunnel/tunnel_pb/tunnel.pb.go:126.42,127.14 1 0
github.com/omrikiei/ktunnel/tunnel_pb/tunnel.pb.go:127.14,129.3 1 0
github.com/omrikiei/ktunnel/tunnel_pb/tunnel.pb.go:130.2,130.11 1 0
github.com/omrikiei/ktunnel/tunnel_pb/tunnel.pb.go:145.45,145.73 1 0
github.com/omrikiei/ktunnel/tunnel_pb/tunnel.pb.go:146.45,146.82 1 0
github.com/omrikiei/ktunnel/tunnel_pb/tunnel.pb.go:147.46,147.47 0 0
github.com/omrikiei/ktunnel/tunnel_pb/tunnel.pb.go:148.56,150.2 1 0
github.com/omrikiei/ktunnel/tunnel_pb/tunnel.pb.go:152.59,154.2 1 0
github.com/omrikiei/ktunnel/tunnel_pb/tunnel.pb.go:155.87,157.2 1 0
github.com/omrikiei/ktunnel/tunnel_pb/tunnel.pb.go:158.58,160.2 1 0
github.com/omrikiei/ktunnel/tunnel_pb/tunnel.pb.go:161.44,163.2 1 0
github.com/omrikiei/ktunnel/tunnel_pb/tunnel.pb.go:164.50,166.2 1 0
github.com/omrikiei/ktunnel/tunnel_pb/tunnel.pb.go:170.45,171.14 1 0
github.com/omrikiei/ktunnel/tunnel_pb/tunnel.pb.go:171.14,173.3 1 0
github.com/omrikiei/ktunnel/tunnel_pb/tunnel.pb.go:174.2,174.10 1 0
github.com/omrikiei/ktunnel/tunnel_pb/tunnel.pb.go:177.51,178.14 1 0
github.com/omrikiei/ktunnel/tunnel_pb/tunnel.pb.go:178.14,180.3 1 0
github.com/omrikiei/ktunnel/tunnel_pb/tunnel.pb.go:181.2,181.11 1 0
github.com/omrikiei/ktunnel/tunnel_pb/tunnel.pb.go:184.52,185.14 1 0
github.com/omrikiei/ktunnel/tunnel_pb/tunnel.pb.go:185.14,187.3 1 0
github.com/omrikiei/ktunnel/tunnel_pb/tunnel.pb.go:188.2,188.22 1 0
github.com/omrikiei/ktunnel/tunnel_pb/tunnel.pb.go:191.54,192.14 1 0
github.com/omrikiei/ktunnel/tunnel_pb/tunnel.pb.go:192.14,194.3 1 0
github.com/omrikiei/ktunnel/tunnel_pb/tunnel.pb.go:195.2,195.25 1 0
github.com/omrikiei/ktunnel/tunnel_pb/tunnel.pb.go:198.46,199.14 1 0
github.com/omrikiei/ktunnel/tunnel_pb/tunnel.pb.go:199.14,201.3 1 0
github.com/omrikiei/ktunnel/tunnel_pb/tunnel.pb.go:202.2,202.12 1 0
github.com/omrikiei/ktunnel/tunnel_pb/tunnel.pb.go:205.51,206.14 1 0
github.com/omrikiei/ktunnel/tunnel_pb/tunnel.pb.go:206.14,208.3 1 0
github.com/omrikiei/ktunnel/tunnel_pb/tunnel.pb.go:209.2,209.14 1 0
github.com/omrikiei/ktunnel/tunnel_pb/tunnel.pb.go:223.46,223.75 1 0
github.com/omrikiei/ktunnel/tunnel_pb/tunnel.pb.go:224.46,224.83 1 0
github.com/omrikiei/ktunnel/tunnel_pb/tunnel.pb.go:225.47,225.48 0 0
github.com/omrikiei/ktunnel/tunnel_pb/tunnel.pb.go:226.57,228.2 1 0
github.com/omrikiei/ktunnel/tunnel_pb/tunnel.pb.go:230.60,232.2 1 0
github.com/omrikiei/ktunnel/tunnel_pb/tunnel.pb.go:233.88,235.2 1 0
github.com/omrikiei/ktunnel/tunnel_pb/tunnel.pb.go:236.59,238.2 1 0
github.com/omrikiei/ktunnel/tunnel_pb/tunnel.pb.go:239.45,241.2 1 0
github.com/omrikiei/ktunnel/tunnel_pb/tunnel.pb.go:242.51,244.2 1 0
github.com/omrikiei/ktunnel/tunnel_pb/tunnel.pb.go:248.47,249.14 1 0
github.com/omrikiei/ktunnel/tunnel_pb/tunnel.pb.go:249.14,251.3 1 0
github.com/omrikiei/ktunnel/tunnel_pb/tunnel.pb.go:252.2,252.14 1 0
github.com/omrikiei/ktunnel/tunnel_pb/tunnel.pb.go:255.58,256.14 1 0
github.com/omrikiei/ktunnel/tunnel_pb/tunnel.pb.go:256.14,258.3 1 0
github.com/omrikiei/ktunnel/tunnel_pb/tunnel.pb.go:259.2,259.12 1 0
github.com/omrikiei/ktunnel/tunnel_pb/tunnel.pb.go:262.52,263.14 1 0
github.com/omrikiei/ktunnel/tunnel_pb/tunnel.pb.go:263.14,265.3 1 0
github.com/omrikiei/ktunnel/tunnel_pb/tunnel.pb.go:266.2,266.11 1 0
github.com/omrikiei/ktunnel/tunnel_pb/tunnel.pb.go:269.47,270.14 1 0
github.com/omrikiei/ktunnel/tunnel_pb/tunnel.pb.go:270.14,272.3 1 0
github.com/omrikiei/ktunnel/tunnel_pb/tunnel.pb.go:273.2,273.12 1 0
github.com/omrikiei/ktunnel/tunnel_pb/tunnel.pb.go:276.52,277.14 1 0
github.com/omrikiei/ktunnel/tunnel_pb/tunnel.pb.go:277.14,279.3 1 0
github.com/omrikiei/ktunnel/tunnel_pb/tunnel.pb.go:280.2,280.14 1 0
github.com/omrikiei/ktunnel/tunnel_pb/tunnel.pb.go:283.13,289.2 5 0
github.com/omrikiei/ktunnel/tunnel_pb/tunnel.pb.go:291.13,291.84 1 0
github.com/omrikiei/ktunnel/tunnel_pb/tunnel.pb.go:342.56,344.2 1 0
github.com/omrikiei/ktunnel/tunnel_pb/tunnel.pb.go:346.114,348.16 2 0
github.com/omrikiei/ktunnel/tunnel_pb/tunnel.pb.go:348.16,350.3 1 0
github.com/omrikiei/ktunnel/tunnel_pb/tunnel.pb.go:351.2,352.15 2 0
github.com/omrikiei/ktunnel/tunnel_pb/tunnel.pb.go:365.67,367.2 1 0
github.com/omrikiei/ktunnel/tunnel_pb/tunnel.pb.go:369.70,371.50 2 0
github.com/omrikiei/ktunnel/tunnel_pb/tunnel.pb.go:371.50,373.3 1 0
github.com/omrikiei/ktunnel/tunnel_pb/tunnel.pb.go:374.2,374.15 1 0
github.com/omrikiei/ktunnel/tunnel_pb/tunnel.pb.go:386.81,388.2 1 0
github.com/omrikiei/ktunnel/tunnel_pb/tunnel.pb.go:390.61,392.2 1 0
github.com/omrikiei/ktunnel/tunnel_pb/tunnel.pb.go:394.82,396.2 1 0
github.com/omrikiei/ktunnel/tunnel_pb/tunnel.pb.go:408.68,410.2 1 0
github.com/omrikiei/ktunnel/tunnel_pb/tunnel.pb.go:412.69,414.50 2 0
github.com/omrikiei/ktunnel/tunnel_pb/tunnel.pb.go:414.50,416.3 1 0
github.com/omrikiei/ktunnel/tunnel_pb/tunnel.pb.go:417.2,417.15 1 0
github.com/omrikiei/ktunnel/pkg/server/server.go:28.44,30.2 1 0
github.com/omrikiei/ktunnel/pkg/server/server.go:34.97,35.6 1 0
github.com/omrikiei/ktunnel/pkg/server/server.go:35.6,36.10 1 0
github.com/omrikiei/ktunnel/pkg/server/server.go:37.34,38.10 1 0
github.com/omrikiei/ktunnel/pkg/server/server.go:39.30,61.18 9 0
github.com/omrikiei/ktunnel/pkg/server/server.go:61.18,63.13 2 0
github.com/omrikiei/ktunnel/pkg/server/server.go:65.4,68.52 1 0
github.com/omrikiei/ktunnel/pkg/server/server.go:73.67,74.6 1 0
github.com/omrikiei/ktunnel/pkg/server/server.go:74.6,75.10 1 0
github.com/omrikiei/ktunnel/pkg/server/server.go:76.34,77.10 1 0
github.com/omrikiei/ktunnel/pkg/server/server.go:78.11,80.18 2 0
github.com/omrikiei/ktunnel/pkg/server/server.go:80.18,82.13 2 0
github.com/omrikiei/ktunnel/pkg/server/server.go:85.4,86.18 2 0
github.com/omrikiei/ktunnel/pkg/server/server.go:86.18,88.13 2 0
github.com/omrikiei/ktunnel/pkg/server/server.go:91.4,92.42 2 0
github.com/omrikiei/ktunnel/pkg/server/server.go:92.42,94.13 2 0
github.com/omrikiei/ktunnel/pkg/server/server.go:97.4,106.30 4 0
github.com/omrikiei/ktunnel/pkg/server/server.go:106.30,109.19 3 0
github.com/omrikiei/ktunnel/pkg/server/server.go:109.19,112.6 2 0
github.com/omrikiei/ktunnel/pkg/server/server.go:112.11,114.6 1 0
github.com/omrikiei/ktunnel/pkg/server/server.go:117.4,117.35 1 0
github.com/omrikiei/ktunnel/pkg/server/server.go:117.35,121.5 3 0
github.com/omrikiei/ktunnel/pkg/server/server.go:127.108,131.6 3 0
github.com/omrikiei/ktunnel/pkg/server/server.go:131.6,136.10 3 0
github.com/omrikiei/ktunnel/pkg/server/server.go:137.21,140.10 3 0
github.com/omrikiei/ktunnel/pkg/server/server.go:141.11,145.18 3 0
github.com/omrikiei/ktunnel/pkg/server/server.go:145.18,146.22 1 0
github.com/omrikiei/ktunnel/pkg/server/server.go:146.22,148.6 1 0
github.com/omrikiei/ktunnel/pkg/server/server.go:152.5,152.25 1 0
github.com/omrikiei/ktunnel/pkg/server/server.go:156.4,156.14 1 0
github.com/omrikiei/ktunnel/pkg/server/server.go:156.14,158.5 1 0
github.com/omrikiei/ktunnel/pkg/server/server.go:159.4,162.29 3 0
github.com/omrikiei/ktunnel/pkg/server/server.go:162.29,164.5 1 0
github.com/omrikiei/ktunnel/pkg/server/server.go:169.76,171.16 2 0
github.com/omrikiei/ktunnel/pkg/server/server.go:171.16,173.3 1 0
github.com/omrikiei/ktunnel/pkg/server/server.go:175.2,176.15 2 0
github.com/omrikiei/ktunnel/pkg/server/server.go:176.15,184.17 2 0
github.com/omrikiei/ktunnel/pkg/server/server.go:184.17,186.4 1 0
github.com/omrikiei/ktunnel/pkg/server/server.go:188.3,188.36 1 0
github.com/omrikiei/ktunnel/pkg/server/server.go:191.2,196.16 3 0
github.com/omrikiei/ktunnel/pkg/server/server.go:196.16,197.16 1 0
github.com/omrikiei/ktunnel/pkg/server/server.go:197.16,199.4 1 0
github.com/omrikiei/ktunnel/pkg/server/server.go:200.3,207.13 2 0
github.com/omrikiei/ktunnel/pkg/server/server.go:210.2,211.12 2 0
github.com/omrikiei/ktunnel/pkg/server/server.go:211.12,215.3 3 0
github.com/omrikiei/ktunnel/pkg/server/server.go:217.2,217.12 1 0
github.com/omrikiei/ktunnel/pkg/server/server.go:217.12,220.3 2 0
github.com/omrikiei/ktunnel/pkg/server/server.go:221.2,221.12 1 0
github.com/omrikiei/ktunnel/pkg/server/server.go:221.12,224.3 2 0
github.com/omrikiei/ktunnel/pkg/server/server.go:226.2,226.6 1 0
github.com/omrikiei/ktunnel/pkg/server/server.go:226.6,229.17 3 0
github.com/omrikiei/ktunnel/pkg/server/server.go:229.17,231.4 1 0
github.com/omrikiei/ktunnel/pkg/server/server.go:234.3,235.59 2 0
github.com/omrikiei/ktunnel/pkg/server/server.go:240.59,242.16 2 0
github.com/omrikiei/ktunnel/pkg/server/server.go:242.16,244.3 1 0
github.com/omrikiei/ktunnel/pkg/server/server.go:246.2,247.14 2 0
github.com/omrikiei/ktunnel/pkg/server/server.go:247.14,249.17 2 0
github.com/omrikiei/ktunnel/pkg/server/server.go:249.17,251.4 1 0
github.com/omrikiei/ktunnel/pkg/server/server.go:252.3,252.52 1 0
github.com/omrikiei/ktunnel/pkg/server/server.go:255.2,257.16 3 0
github.com/omrikiei/ktunnel/pkg/server/server.go:257.16,259.3 1 0
github.com/omrikiei/ktunnel/pkg/server/server.go:262.2,262.12 1 0
github.com/omrikiei/ktunnel/pkg/server/server.go:262.12,265.3 2 0
github.com/omrikiei/ktunnel/pkg/server/server.go:267.2,269.30 3 0
github.com/omrikiei/ktunnel/pkg/server/server.go:273.50,283.25 2 0
github.com/omrikiei/ktunnel/pkg/server/server.go:283.25,284.32 1 0
github.com/omrikiei/ktunnel/pkg/server/server.go:284.32,286.4 1 0
github.com/omrikiei/ktunnel/pkg/server/server.go:289.2,289.17 1 0
github.com/omrikiei/ktunnel/pkg/server/server.go:294.29,295.33 1 0
github.com/omrikiei/ktunnel/pkg/server/server.go:295.33,298.3 2 0
github.com/omrikiei/ktunnel/pkg/server/server.go:303.39,304.33 1 0
github.com/omrikiei/ktunnel/pkg/server/server.go:304.33,309.3 4 0
github.com/omrikiei/ktunnel/pkg/server/server.go:314.43,315.33 1 0
github.com/omrikiei/ktunnel/pkg/server/server.go:315.33,318.3 2 0
github.com/omrikiei/ktunnel/pkg/common/common.go:33.27,35.19 2 0
github.com/omrikiei/ktunnel/pkg/common/common.go:35.19,38.3 2 0
github.com/omrikiei/ktunnel/pkg/common/common.go:39.2,39.12 1 0
github.com/omrikiei/ktunnel/pkg/common/common.go:39.12,42.3 2 0
github.com/omrikiei/ktunnel/pkg/common/common.go:51.41,63.2 4 0
github.com/omrikiei/ktunnel/pkg/common/common.go:65.65,77.2 4 0
github.com/omrikiei/ktunnel/pkg/common/common.go:79.43,80.44 1 0
github.com/omrikiei/ktunnel/pkg/common/common.go:80.44,82.3 1 0
github.com/omrikiei/ktunnel/pkg/common/common.go:83.2,84.18 2 0
github.com/omrikiei/ktunnel/pkg/common/common.go:87.48,89.8 2 0
github.com/omrikiei/ktunnel/pkg/common/common.go:89.8,91.3 1 0
github.com/omrikiei/ktunnel/pkg/common/common.go:92.2,92.16 1 0
github.com/omrikiei/ktunnel/pkg/common/common.go:95.53,97.19 2 0
github.com/omrikiei/ktunnel/pkg/common/common.go:97.19,99.3 1 0
github.com/omrikiei/ktunnel/pkg/common/common.go:100.2,100.19 1 0
github.com/omrikiei/ktunnel/pkg/common/common.go:100.19,102.17 2 0
github.com/omrikiei/ktunnel/pkg/common/common.go:102.17,104.4 1 0
github.com/omrikiei/ktunnel/pkg/common/common.go:105.3,109.9 1 0
github.com/omrikiei/ktunnel/pkg/common/common.go:111.2,111.19 1 0
github.com/omrikiei/ktunnel/pkg/common/common.go:111.19,113.17 2 0
github.com/omrikiei/ktunnel/pkg/common/common.go:113.17,115.4 1 0
github.com/omrikiei/ktunnel/pkg/common/common.go:116.3,117.17 2 0
github.com/omrikiei/ktunnel/pkg/common/common.go:117.17,119.4 1 0
github.com/omrikiei/ktunnel/pkg/common/common.go:120.3,124.9 1 0
github.com/omrikiei/ktunnel/pkg/common/common.go:126.2,126.19 1 0
github.com/omrikiei/ktunnel/pkg/common/common.go:126.19,128.17 2 0
github.com/omrikiei/ktunnel/pkg/common/common.go:128.17,130.4 1 0
github.com/omrikiei/ktunnel/pkg/common/common.go:131.3,132.17 2 0
github.com/omrikiei/ktunnel/pkg/common/common.go:132.17,134.4 1 0
github.com/omrikiei/ktunnel/pkg/common/common.go:135.3,139.9 1 0
github.com/omrikiei/ktunnel/pkg/common/common.go:141.2,141.72 1 0
github.com/omrikiei/ktunnel/pkg/k8s/cleanup.go:26.60,33.2 1 3
github.com/omrikiei/ktunnel/pkg/k8s/cleanup.go:36.62,38.2 1 2
github.com/omrikiei/ktunnel/pkg/k8s/cleanup.go:41.55,46.2 4 3
github.com/omrikiei/ktunnel/pkg/k8s/cleanup.go:49.52,54.2 4 4
github.com/omrikiei/ktunnel/pkg/k8s/cleanup.go:57.58,60.35 3 1
github.com/omrikiei/ktunnel/pkg/k8s/cleanup.go:60.35,61.16 1 1
github.com/omrikiei/ktunnel/pkg/k8s/cleanup.go:61.16,65.4 3 1
github.com/omrikiei/ktunnel/pkg/k8s/cleanup.go:70.55,73.32 3 1
github.com/omrikiei/ktunnel/pkg/k8s/cleanup.go:73.32,74.16 1 1
github.com/omrikiei/ktunnel/pkg/k8s/cleanup.go:74.16,78.4 3 1
github.com/omrikiei/ktunnel/pkg/k8s/cleanup.go:83.63,100.41 11 2
github.com/omrikiei/ktunnel/pkg/k8s/cleanup.go:100.41,102.24 2 1
github.com/omrikiei/ktunnel/pkg/k8s/cleanup.go:102.24,105.18 3 1
github.com/omrikiei/ktunnel/pkg/k8s/cleanup.go:105.18,107.12 2 1
github.com/omrikiei/ktunnel/pkg/k8s/cleanup.go:108.25,108.25 0 1
github.com/omrikiei/ktunnel/pkg/k8s/cleanup.go:109.13,109.13 0 0
github.com/omrikiei/ktunnel/pkg/k8s/cleanup.go:111.10,113.5 1 0
github.com/omrikiei/ktunnel/pkg/k8s/cleanup.go:118.2,118.35 1 2
github.com/omrikiei/ktunnel/pkg/k8s/cleanup.go:118.35,120.24 2 2
github.com/omrikiei/ktunnel/pkg/k8s/cleanup.go:120.24,123.18 3 2
github.com/omrikiei/ktunnel/pkg/k8s/cleanup.go:123.18,125.12 2 1
github.com/omrikiei/ktunnel/pkg/k8s/cleanup.go:126.25,126.25 0 1
github.com/omrikiei/ktunnel/pkg/k8s/cleanup.go:127.13,127.13 0 0
github.com/omrikiei/ktunnel/pkg/k8s/cleanup.go:129.10,131.5 1 1
github.com/omrikiei/ktunnel/pkg/k8s/cleanup.go:136.2,137.12 2 2
github.com/omrikiei/ktunnel/pkg/k8s/cleanup.go:137.12,140.3 2 2
github.com/omrikiei/ktunnel/pkg/k8s/cleanup.go:142.2,142.9 1 2
github.com/omrikiei/ktunnel/pkg/k8s/cleanup.go:143.20,144.19 1 1
github.com/omrikiei/ktunnel/pkg/k8s/cleanup.go:145.18,149.28 3 1
github.com/omrikiei/ktunnel/pkg/k8s/cleanup.go:149.28,151.4 1 0
github.com/omrikiei/ktunnel/pkg/k8s/cleanup.go:152.3,152.20 1 1
github.com/omrikiei/ktunnel/pkg/k8s/cleanup.go:152.20,155.4 2 0
github.com/omrikiei/ktunnel/pkg/k8s/cleanup.go:156.3,156.13 1 1
github.com/omrikiei/ktunnel/pkg/k8s/cleanup.go:161.51,165.12 3 0
github.com/omrikiei/ktunnel/pkg/k8s/cleanup.go:165.12,170.41 4 0
github.com/omrikiei/ktunnel/pkg/k8s/cleanup.go:170.41,171.39 1 0
github.com/omrikiei/ktunnel/pkg/k8s/cleanup.go:171.39,173.5 1 0
github.com/omrikiei/ktunnel/pkg/k8s/cleanup.go:173.10,175.5 1 0
github.com/omrikiei/ktunnel/pkg/k8s/cleanup.go:176.4,176.14 1 0
github.com/omrikiei/ktunnel/pkg/k8s/cleanup.go:179.3,180.13 2 0
github.com/omrikiei/ktunnel/pkg/k8s/cleanup.go:185.71,193.2 7 2
github.com/omrikiei/ktunnel/pkg/k8s/client.go:18.52,22.2 3 1
github.com/omrikiei/ktunnel/pkg/k8s/client.go:24.47,28.2 3 2
github.com/omrikiei/ktunnel/pkg/k8s/client.go:30.107,36.2 5 1
github.com/omrikiei/ktunnel/pkg/k8s/common.go:44.35,44.52 1 2
github.com/omrikiei/ktunnel/pkg/k8s/common.go:45.45,47.2 1 4
github.com/omrikiei/ktunnel/pkg/k8s/common.go:48.40,48.67 1 1
github.com/omrikiei/ktunnel/pkg/k8s/common.go:58.25,62.2 3 1
github.com/omrikiei/ktunnel/pkg/k8s/common.go:65.23,69.2 3 5
github.com/omrikiei/ktunnel/pkg/k8s/common.go:71.50,73.23 2 0
github.com/omrikiei/ktunnel/pkg/k8s/common.go:73.23,76.3 2 0
github.com/omrikiei/ktunnel/pkg/k8s/common.go:77.2,83.23 4 0
github.com/omrikiei/ktunnel/pkg/k8s/common.go:83.23,85.3 1 0
github.com/omrikiei/ktunnel/pkg/k8s/common.go:87.2,90.60 3 0
github.com/omrikiei/ktunnel/pkg/k8s/common.go:90.60,93.3 2 0
github.com/omrikiei/ktunnel/pkg/k8s/common.go:95.2,96.22 2 0
github.com/omrikiei/ktunnel/pkg/k8s/common.go:96.22,98.3 1 0
github.com/omrikiei/ktunnel/pkg/k8s/common.go:100.2,101.16 2 0
github.com/omrikiei/ktunnel/pkg/k8s/common.go:101.16,103.3 1 0
github.com/omrikiei/ktunnel/pkg/k8s/common.go:104.2,105.19 2 0
github.com/omrikiei/ktunnel/pkg/k8s/common.go:108.53,113.71 3 1
github.com/omrikiei/ktunnel/pkg/k8s/common.go:113.71,115.3 1 1
github.com/omrikiei/ktunnel/pkg/k8s/common.go:117.2,118.16 2 0
github.com/omrikiei/ktunnel/pkg/k8s/common.go:118.16,121.3 2 0
github.com/omrikiei/ktunnel/pkg/k8s/common.go:123.2,125.53 3 0
github.com/omrikiei/ktunnel/pkg/k8s/common.go:128.96,137.16 5 0
github.com/omrikiei/ktunnel/pkg/k8s/common.go:137.16,139.3 1 0
github.com/omrikiei/ktunnel/pkg/k8s/common.go:140.2,140.18 1 0
github.com/omrikiei/ktunnel/pkg/k8s/common.go:143.59,144.39 1 5
github.com/omrikiei/ktunnel/pkg/k8s/common.go:144.39,145.23 1 5
github.com/omrikiei/ktunnel/pkg/k8s/common.go:145.23,147.4 1 2
github.com/omrikiei/ktunnel/pkg/k8s/common.go:149.2,149.14 1 3
github.com/omrikiei/ktunnel/pkg/k8s/common.go:152.150,154.17 2 5
github.com/omrikiei/ktunnel/pkg/k8s/common.go:154.17,156.3 1 3
github.com/omrikiei/ktunnel/pkg/k8s/common.go:157.2,157.16 1 5
github.com/omrikiei/ktunnel/pkg/k8s/common.go:157.16,159.3 1 1
github.com/omrikiei/ktunnel/pkg/k8s/common.go:160.2,160.15 1 5
github.com/omrikiei/ktunnel/pkg/k8s/common.go:160.15,162.3 1 1
github.com/omrikiei/ktunnel/pkg/k8s/common.go:163.2,189.3 7 5
github.com/omrikiei/ktunnel/pkg/k8s/common.go:203.22,237.2 5 1
github.com/omrikiei/ktunnel/pkg/k8s/common.go:239.114,261.2 1 1
github.com/omrikiei/ktunnel/pkg/k8s/common.go:263.95,266.16 3 0
github.com/omrikiei/ktunnel/pkg/k8s/common.go:266.16,268.3 1 0
github.com/omrikiei/ktunnel/pkg/k8s/common.go:269.2,272.39 4 0
github.com/omrikiei/ktunnel/pkg/k8s/common.go:272.39,273.26 1 0
github.com/omrikiei/ktunnel/pkg/k8s/common.go:273.26,275.9 2 0
github.com/omrikiei/ktunnel/pkg/k8s/common.go:277.3,277.41 1 0
github.com/omrikiei/ktunnel/pkg/k8s/common.go:277.41,279.4 1 0
github.com/omrikiei/ktunnel/pkg/k8s/common.go:281.2,282.33 2 0
github.com/omrikiei/ktunnel/pkg/k8s/common.go:282.33,284.3 1 0
github.com/omrikiei/ktunnel/pkg/k8s/common.go:286.2,286.12 1 0
github.com/omrikiei/ktunnel/pkg/k8s/common.go:289.168,295.16 5 0
github.com/omrikiei/ktunnel/pkg/k8s/common.go:295.16,297.3 1 0
github.com/omrikiei/ktunnel/pkg/k8s/common.go:299.2,303.16 4 0
github.com/omrikiei/ktunnel/pkg/k8s/common.go:303.16,305.3 1 0
github.com/omrikiei/ktunnel/pkg/k8s/common.go:306.2,309.16 4 0
github.com/omrikiei/ktunnel/pkg/k8s/common.go:309.16,311.3 1 0
github.com/omrikiei/ktunnel/pkg/k8s/common.go:312.2,312.40 1 0
github.com/omrikiei/ktunnel/pkg/k8s/common.go:312.40,314.3 1 0
github.com/omrikiei/ktunnel/pkg/k8s/common.go:316.2,317.35 2 0
github.com/omrikiei/ktunnel/pkg/k8s/common.go:317.35,323.17 5 0
github.com/omrikiei/ktunnel/pkg/k8s/common.go:323.17,325.4 1 0
github.com/omrikiei/ktunnel/pkg/k8s/common.go:326.3,331.17 5 0
github.com/omrikiei/ktunnel/pkg/k8s/common.go:331.17,333.4 1 0
github.com/omrikiei/ktunnel/pkg/k8s/common.go:335.3,335.13 1 0
github.com/omrikiei/ktunnel/pkg/k8s/common.go:335.13,336.24 1 0
github.com/omrikiei/ktunnel/pkg/k8s/common.go:336.25,337.5 0 0
github.com/omrikiei/ktunnel/pkg/k8s/common.go:338.4,338.33 1 0
github.com/omrikiei/ktunnel/pkg/k8s/common.go:338.33,341.5 2 0
github.com/omrikiei/ktunnel/pkg/k8s/common.go:341.10,341.37 1 0
github.com/omrikiei/ktunnel/pkg/k8s/common.go:341.37,343.54 2 0
github.com/omrikiei/ktunnel/pkg/k8s/common.go:343.54,345.6 1 0
github.com/omrikiei/ktunnel/pkg/k8s/common.go:348.3,348.13 1 0
github.com/omrikiei/ktunnel/pkg/k8s/common.go:348.13,349.50 1 0
github.com/omrikiei/ktunnel/pkg/k8s/common.go:349.50,351.5 1 0
github.com/omrikiei/ktunnel/pkg/k8s/common.go:355.2,358.12 3 0
github.com/omrikiei/ktunnel/pkg/k8s/common.go:358.12,361.3 2 0
github.com/omrikiei/ktunnel/pkg/k8s/common.go:363.2,363.9 1 0
github.com/omrikiei/ktunnel/pkg/k8s/common.go:364.33,365.18 1 0
github.com/omrikiei/ktunnel/pkg/k8s/common.go:366.16,367.27 1 0
github.com/omrikiei/ktunnel/pkg/k8s/common.go:371.88,374.48 3 6
github.com/omrikiei/ktunnel/pkg/k8s/common.go:374.48,376.3 1 6
github.com/omrikiei/ktunnel/pkg/k8s/common.go:376.8,376.54 1 0
github.com/omrikiei/ktunnel/pkg/k8s/common.go:376.54,379.3 2 0
github.com/omrikiei/ktunnel/pkg/k8s/common.go:380.2,383.60 4 6
github.com/omrikiei/ktunnel/pkg/k8s/common.go:383.60,385.3 1 2
github.com/omrikiei/ktunnel/pkg/k8s/common.go:386.2,391.3 2 6
github.com/omrikiei/ktunnel/pkg/k8s/common.go:394.74,395.12 1 2
github.com/omrikiei/ktunnel/pkg/k8s/common.go:395.12,399.65 2 2
github.com/omrikiei/ktunnel/pkg/k8s/common.go:399.65,401.26 2 0
github.com/omrikiei/ktunnel/pkg/k8s/common.go:401.26,403.5 1 0
github.com/omrikiei/ktunnel/pkg/k8s/common.go:407.3,408.53 2 2
github.com/omrikiei/ktunnel/pkg/k8s/common.go:408.53,410.4 1 0
github.com/omrikiei/ktunnel/pkg/k8s/common.go:412.3,422.17 6 2
github.com/omrikiei/ktunnel/pkg/k8s/common.go:422.17,426.4 3 0
github.com/omrikiei/ktunnel/pkg/k8s/common.go:428.3,430.41 2 2
github.com/omrikiei/ktunnel/pkg/k8s/common.go:430.41,432.11 2 0
github.com/omrikiei/ktunnel/pkg/k8s/common.go:432.11,433.13 1 0
github.com/omrikiei/ktunnel/pkg/k8s/common.go:436.4,437.18 2 0
github.com/omrikiei/ktunnel/pkg/k8s/common.go:437.18,441.5 3 0
github.com/omrikiei/ktunnel/pkg/k8s/common.go:443.4,443.22 1 0
github.com/omrikiei/ktunnel/pkg/k8s/common.go:443.22,446.5 2 0
github.com/omrikiei/ktunnel/pkg/k8s/common.go:448.4,448.13 1 0
github.com/omrikiei/ktunnel/pkg/k8s/common.go:448.13,451.5 2 0
github.com/omrikiei/ktunnel/pkg/k8s/common.go:454.3,454.21 1 0
github.com/omrikiei/ktunnel/pkg/k8s/common.go:458.76,459.67 1 2
github.com/omrikiei/ktunnel/pkg/k8s/common.go:459.67,461.63 2 1
github.com/omrikiei/ktunnel/pkg/k8s/common.go:461.63,463.4 1 0
github.com/omrikiei/ktunnel/pkg/k8s/common.go:465.3,465.103 1 1
github.com/omrikiei/ktunnel/pkg/k8s/common.go:465.103,467.4 1 0
github.com/omrikiei/ktunnel/pkg/k8s/common.go:469.3,469.69 1 1
github.com/omrikiei/ktunnel/pkg/k8s/common.go:469.69,471.4 1 0
github.com/omrikiei/ktunnel/pkg/k8s/common.go:473.3,473.78 1 1
github.com/omrikiei/ktunnel/pkg/k8s/common.go:473.78,475.4 1 0
github.com/omrikiei/ktunnel/pkg/k8s/common.go:477.3,477.92 1 1
github.com/omrikiei/ktunnel/pkg/k8s/common.go:479.2,479.77 1 1
github.com/omrikiei/ktunnel/pkg/k8s/common.go:482.130,483.35 1 1
github.com/omrikiei/ktunnel/pkg/k8s/common.go:483.35,485.25 2 0
github.com/omrikiei/ktunnel/pkg/k8s/common.go:485.25,487.4 1 0
github.com/omrikiei/ktunnel/pkg/k8s/common.go:489.2,489.12 1 1
github.com/omrikiei/ktunnel/pkg/k8s/exposer.go:45.9,53.9 6 0
github.com/omrikiei/ktunnel/pkg/k8s/exposer.go:53.9,55.3 1 0
github.com/omrikiei/ktunnel/pkg/k8s/exposer.go:56.2,56.29 1 0
github.com/omrikiei/ktunnel/pkg/k8s/exposer.go:56.29,58.17 2 0
github.com/omrikiei/ktunnel/pkg/k8s/exposer.go:58.17,60.12 2 0
github.com/omrikiei/ktunnel/pkg/k8s/exposer.go:62.3,63.21 2 0
github.com/omrikiei/ktunnel/pkg/k8s/exposer.go:63.21,65.4 1 0
github.com/omrikiei/ktunnel/pkg/k8s/exposer.go:66.3,80.4 2 0
github.com/omrikiei/ktunnel/pkg/k8s/exposer.go:83.2,107.45 7 0
github.com/omrikiei/ktunnel/pkg/k8s/exposer.go:107.45,113.17 2 0
github.com/omrikiei/ktunnel/pkg/k8s/exposer.go:113.17,115.4 1 0
github.com/omrikiei/ktunnel/pkg/k8s/exposer.go:116.3,118.33 3 0
github.com/omrikiei/ktunnel/pkg/k8s/exposer.go:120.2,120.33 1 0
github.com/omrikiei/ktunnel/pkg/k8s/exposer.go:120.33,128.17 6 0
github.com/omrikiei/ktunnel/pkg/k8s/exposer.go:128.17,130.4 1 0
github.com/omrikiei/ktunnel/pkg/k8s/exposer.go:131.3,137.17 3 0
github.com/omrikiei/ktunnel/pkg/k8s/exposer.go:137.17,139.4 1 0
github.com/omrikiei/ktunnel/pkg/k8s/exposer.go:142.2,142.14 1 0
github.com/omrikiei/ktunnel/pkg/k8s/exposer.go:142.14,143.25 1 0
github.com/omrikiei/ktunnel/pkg/k8s/exposer.go:143.25,145.4 1 0
github.com/omrikiei/ktunnel/pkg/k8s/exposer.go:146.3,146.49 1 0
github.com/omrikiei/ktunnel/pkg/k8s/exposer.go:149.2,149.21 1 0
github.com/omrikiei/ktunnel/pkg/k8s/exposer.go:149.21,153.46 4 0
github.com/omrikiei/ktunnel/pkg/k8s/exposer.go:153.46,161.18 2 0
github.com/omrikiei/ktunnel/pkg/k8s/exposer.go:161.18,163.5 1 0
github.com/omrikiei/ktunnel/pkg/k8s/exposer.go:164.4,165.29 2 0
github.com/omrikiei/ktunnel/pkg/k8s/exposer.go:167.3,167.31 1 0
github.com/omrikiei/ktunnel/pkg/k8s/exposer.go:167.31,173.18 4 0
github.com/omrikiei/ktunnel/pkg/k8s/exposer.go:173.18,175.5 1 0
github.com/omrikiei/ktunnel/pkg/k8s/exposer.go:176.4,182.18 3 0
github.com/omrikiei/ktunnel/pkg/k8s/exposer.go:182.18,184.5 1 0
github.com/omrikiei/ktunnel/pkg/k8s/exposer.go:186.3,186.20 1 0
github.com/omrikiei/ktunnel/pkg/k8s/exposer.go:186.20,187.23 1 0
github.com/omrikiei/ktunnel/pkg/k8s/exposer.go:187.23,189.5 1 0
github.com/omrikiei/ktunnel/pkg/k8s/exposer.go:190.4,190.50 1 0
github.com/omrikiei/ktunnel/pkg/k8s/exposer.go:192.3,192.74 1 0
github.com/omrikiei/ktunnel/pkg/k8s/exposer.go:195.2,196.12 2 0
github.com/omrikiei/ktunnel/pkg/k8s/exposer.go:199.101,201.21 2 0
github.com/omrikiei/ktunnel/pkg/k8s/exposer.go:201.21,204.17 3 0
github.com/omrikiei/ktunnel/pkg/k8s/exposer.go:204.17,206.4 1 0
github.com/omrikiei/ktunnel/pkg/k8s/exposer.go:208.2,210.16 3 0
github.com/omrikiei/ktunnel/pkg/k8s/exposer.go:210.16,212.3 1 0
github.com/omrikiei/ktunnel/pkg/k8s/exposer.go:213.2,213.12 1 0
github.com/omrikiei/ktunnel/pkg/k8s/injector.go:14.31,16.54 2 0
github.com/omrikiei/ktunnel/pkg/k8s/injector.go:16.54,18.3 1 0
github.com/omrikiei/ktunnel/pkg/k8s/injector.go:21.118,22.45 1 2
github.com/omrikiei/ktunnel/pkg/k8s/injector.go:22.45,26.3 3 1
github.com/omrikiei/ktunnel/pkg/k8s/injector.go:27.2,33.22 3 1
github.com/omrikiei/ktunnel/pkg/k8s/injector.go:33.22,35.3 1 0
github.com/omrikiei/ktunnel/pkg/k8s/injector.go:36.2,37.18 2 1
github.com/omrikiei/ktunnel/pkg/k8s/injector.go:40.159,49.16 9 0
github.com/omrikiei/ktunnel/pkg/k8s/injector.go:49.16,51.3 1 0
github.com/omrikiei/ktunnel/pkg/k8s/injector.go:52.2,52.35 1 0
github.com/omrikiei/ktunnel/pkg/k8s/injector.go:52.35,54.3 1 0
github.com/omrikiei/ktunnel/pkg/k8s/injector.go:55.2,56.16 2 0
github.com/omrikiei/ktunnel/pkg/k8s/injector.go:56.16,58.3 1 0
github.com/omrikiei/ktunnel/pkg/k8s/injector.go:59.2,59.18 1 0
github.com/omrikiei/ktunnel/pkg/k8s/injector.go:62.67,63.28 1 3
github.com/omrikiei/ktunnel/pkg/k8s/injector.go:63.28,65.3 1 2
github.com/omrikiei/ktunnel/pkg/k8s/injector.go:66.2,67.33 2 1
github.com/omrikiei/ktunnel/pkg/k8s/injector.go:67.33,68.23 1 1
github.com/omrikiei/ktunnel/pkg/k8s/injector.go:68.23,70.9 2 1
github.com/omrikiei/ktunnel/pkg/k8s/injector.go:74.2,74.18 1 1
github.com/omrikiei/ktunnel/pkg/k8s/injector.go:74.18,78.3 3 1
github.com/omrikiei/ktunnel/pkg/k8s/injector.go:78.8,80.3 1 0
github.com/omrikiei/ktunnel/pkg/k8s/injector.go:83.123,87.16 4 0
github.com/omrikiei/ktunnel/pkg/k8s/injector.go:87.16,89.3 1 0
github.com/omrikiei/ktunnel/pkg/k8s/injector.go:90.2,91.16 2 0
github.com/omrikiei/ktunnel/pkg/k8s/injector.go:91.16,93.3 1 0
github.com/omrikiei/ktunnel/pkg/k8s/injector.go:94.2,99.22 2 0
github.com/omrikiei/ktunnel/pkg/k8s/injector.go:99.22,101.3 1 0
github.com/omrikiei/ktunnel/pkg/k8s/injector.go:102.2,103.18 2 0
