mode: atomic
github.com/omrikiei/ktunnel/pkg/client/client.go:26.139,28.6 1 0
github.com/omrikiei/ktunnel/pkg/client/client.go:28.6,31.10 3 0
github.com/omrikiei/ktunnel/pkg/client/client.go:32.30,35.14 3 0
github.com/omrikiei/ktunnel/pkg/client/client.go:36.11,37.18 1 0
github.com/omrikiei/ktunnel/pkg/client/client.go:37.18,39.15 2 0
github.com/omrikiei/ktunnel/pkg/client/client.go:42.4,43.18 2 0
github.com/omrikiei/ktunnel/pkg/client/client.go:43.18,45.5 1 0
github.com/omrikiei/ktunnel/pkg/client/client.go:47.4,48.23 2 0
github.com/omrikiei/ktunnel/pkg/client/client.go:48.23,57.19 3 0
github.com/omrikiei/ktunnel/pkg/client/client.go:57.19,65.20 4 0
github.com/omrikiei/ktunnel/pkg/client/client.go:65.20,67.7 1 0
github.com/omrikiei/ktunnel/pkg/client/client.go:69.6,69.14 1 0
github.com/omrikiei/ktunnel/pkg/client/client.go:70.11,73.6 2 0
github.com/omrikiei/ktunnel/pkg/client/client.go:74.10,74.28 1 0
github.com/omrikiei/ktunnel/pkg/client/client.go:74.28,76.5 1 0
github.com/omrikiei/ktunnel/pkg/client/client.go:79.4,79.38 1 0
github.com/omrikiei/ktunnel/pkg/client/client.go:84.88,85.27 1 0
github.com/omrikiei/ktunnel/pkg/client/client.go:85.27,89.3 3 0
github.com/omrikiei/ktunnel/pkg/client/client.go:91.2,93.19 3 0
github.com/omrikiei/ktunnel/pkg/client/client.go:93.19,98.17 5 0
github.com/omrikiei/ktunnel/pkg/client/client.go:98.17,102.4 3 0
github.com/omrikiei/ktunnel/pkg/client/client.go:106.97,112.6 4 0
github.com/omrikiei/ktunnel/pkg/client/client.go:112.6,114.10 2 0
github.com/omrikiei/ktunnel/pkg/client/client.go:115.33,116.10 1 0
github.com/omrikiei/ktunnel/pkg/client/client.go:117.11,118.18 1 0
github.com/omrikiei/ktunnel/pkg/client/client.go:118.18,119.22 1 0
github.com/omrikiei/ktunnel/pkg/client/client.go:119.22,122.6 1 0
github.com/omrikiei/ktunnel/pkg/client/client.go:122.11,124.6 1 0
github.com/omrikiei/ktunnel/pkg/client/client.go:126.5,128.15 3 0
github.com/omrikiei/ktunnel/pkg/client/client.go:131.4,134.14 3 0
github.com/omrikiei/ktunnel/pkg/client/client.go:134.14,137.5 2 0
github.com/omrikiei/ktunnel/pkg/client/client.go:138.4,140.18 2 0
github.com/omrikiei/ktunnel/pkg/client/client.go:140.18,142.15 2 0
github.com/omrikiei/ktunnel/pkg/client/client.go:144.4,144.26 1 0
github.com/omrikiei/ktunnel/pkg/client/client.go:148.2,148.78 1 0
github.com/omrikiei/ktunnel/pkg/client/client.go:151.97,152.6 1 0
github.com/omrikiei/ktunnel/pkg/client/client.go:152.6,153.10 1 0
github.com/omrikiei/ktunnel/pkg/client/client.go:154.34,155.10 1 0
github.com/omrikiei/ktunnel/pkg/client/client.go:156.30,163.18 5 0
github.com/omrikiei/ktunnel/pkg/client/client.go:163.18,166.5 2 0
github.com/omrikiei/ktunnel/pkg/client/client.go:168.4,182.18 6 0
github.com/omrikiei/ktunnel/pkg/client/client.go:182.18,185.5 2 0
github.com/omrikiei/ktunnel/pkg/client/client.go:186.4,189.52 1 0
github.com/omrikiei/ktunnel/pkg/client/client.go:195.59,197.16 2 0
github.com/omrikiei/ktunnel/pkg/client/client.go:197.16,199.3 1 0
github.com/omrikiei/ktunnel/pkg/client/client.go:201.2,202.14 2 0
github.com/omrikiei/ktunnel/pkg/client/client.go:202.14,204.17 2 0
github.com/omrikiei/ktunnel/pkg/client/client.go:204.17,206.4 1 0
github.com/omrikiei/ktunnel/pkg/client/client.go:207.3,207.68 1 0
github.com/omrikiei/ktunnel/pkg/client/client.go:208.8,210.3 1 0
github.com/omrikiei/ktunnel/pkg/client/client.go:212.2,213.16 2 0
github.com/omrikiei/ktunnel/pkg/client/client.go:213.16,215.3 1 0
github.com/omrikiei/ktunnel/pkg/client/client.go:216.2,219.45 3 0
github.com/omrikiei/ktunnel/pkg/client/client.go:219.45,221.17 2 0
github.com/omrikiei/ktunnel/pkg/client/client.go:221.17,223.12 2 0
github.com/omrikiei/ktunnel/pkg/client/client.go:226.3,226.13 1 0
github.com/omrikiei/ktunnel/pkg/client/client.go:226.13,229.19 3 0
github.com/omrikiei/ktunnel/pkg/client/client.go:229.19,231.5 1 0
github.com/omrikiei/ktunnel/pkg/client/client.go:233.4,240.18 3 0
github.com/omrikiei/ktunnel/pkg/client/client.go:240.18,242.5 1 0
github.com/omrikiei/ktunnel/pkg/client/client.go:242.10,244.19 2 0
github.com/omrikiei/ktunnel/pkg/client/client.go:244.19,247.6 2 0
github.com/omrikiei/ktunnel/pkg/client/client.go:249.5,251.40 3 0
github.com/omrikiei/ktunnel/pkg/client/client.go:257.2,258.12 2 0
github.com/omrikiei/ktunnel/pkg/client/client.go:262.50,272.25 2 0
github.com/omrikiei/ktunnel/pkg/client/client.go:272.25,273.32 1 0
github.com/omrikiei/ktunnel/pkg/client/client.go:273.32,275.4 1 0
github.com/omrikiei/ktunnel/pkg/client/client.go:278.2,278.27 1 0
github.com/omrikiei/ktunnel/pkg/client/client.go:278.27,280.3 1 0
github.com/omrikiei/ktunnel/pkg/client/client.go:282.2,282.37 1 0
github.com/omrikiei/ktunnel/pkg/client/client.go:282.37,284.3 1 0
github.com/omrikiei/ktunnel/pkg/client/client.go:286.2,286.17 1 0
github.com/omrikiei/ktunnel/pkg/client/client.go:290.44,291.33 1 0
github.com/omrikiei/ktunnel/pkg/client/client.go:291.33,295.3 3 0
github.com/omrikiei/ktunnel/pkg/client/client.go:301.51,302.33 1 0
github.com/omrikiei/ktunnel/pkg/client/client.go:302.33,303.25 1 0
github.com/omrikiei/ktunnel/pkg/client/client.go:303.25,305.4 1 0
github.com/omrikiei/ktunnel/pkg/client/client.go:306.3,308.13 3 0
github.com/omrikiei/ktunnel/pkg/client/client.go:314.43,315.33 1 0
github.com/omrikiei/ktunnel/pkg/client/client.go:315.33,318.3 2 0
github.com/omrikiei/ktunnel/pkg/client/client.go:324.59,325.33 1 0
github.com/omrikiei/ktunnel/pkg/client/client.go:325.33,329.3 3 0
github.com/omrikiei/ktunnel/cmd/client.go:30.47,32.14 2 0
github.com/omrikiei/ktunnel/cmd/client.go:32.14,34.4 1 0
github.com/omrikiei/ktunnel/cmd/client.go:35.3,40.13 4 0
github.com/omrikiei/ktunnel/cmd/client.go:40.13,41.16 1 0
github.com/omrikiei/ktunnel/cmd/client.go:41.16,45.5 3 0
github.com/omrikiei/ktunnel/cmd/client.go:48.3,56.17 3 0
github.com/omrikiei/ktunnel/cmd/client.go:56.17,58.4 1 0
github.com/omrikiei/ktunnel/cmd/client.go:62.13,68.2 5 0
github.com/omrikiei/ktunnel/cmd/expose.go:50.47,52.14 2 0
github.com/omrikiei/ktunnel/cmd/expose.go:52.14,55.4 2 0
github.com/omrikiei/ktunnel/cmd/expose.go:56.3,62.40 5 0
github.com/omrikiei/ktunnel/cmd/expose.go:62.40,64.24 2 0
github.com/omrikiei/ktunnel/cmd/expose.go:64.24,66.13 2 0
github.com/omrikiei/ktunnel/cmd/expose.go:68.4,68.43 1 0
github.com/omrikiei/ktunnel/cmd/expose.go:71.3,72.42 2 0
github.com/omrikiei/ktunnel/cmd/expose.go:72.42,74.24 2 0
github.com/omrikiei/ktunnel/cmd/expose.go:74.24,76.13 2 0
github.com/omrikiei/ktunnel/cmd/expose.go:78.4,78.43 1 0
github.com/omrikiei/ktunnel/cmd/expose.go:81.3,82.47 2 0
github.com/omrikiei/ktunnel/cmd/expose.go:82.47,84.24 2 0
github.com/omrikiei/ktunnel/cmd/expose.go:84.24,86.13 2 0
github.com/omrikiei/ktunnel/cmd/expose.go:88.4,88.48 1 0
github.com/omrikiei/ktunnel/cmd/expose.go:91.3,92.17 2 0
github.com/omrikiei/ktunnel/cmd/expose.go:92.17,94.4 1 0
github.com/omrikiei/ktunnel/cmd/expose.go:95.3,96.40 2 0
github.com/omrikiei/ktunnel/cmd/expose.go:96.40,98.24 2 0
github.com/omrikiei/ktunnel/cmd/expose.go:98.24,100.13 2 0
github.com/omrikiei/ktunnel/cmd/expose.go:102.4,103.32 2 0
github.com/omrikiei/ktunnel/cmd/expose.go:103.32,105.13 2 0
github.com/omrikiei/ktunnel/cmd/expose.go:108.4,113.6 1 0
github.com/omrikiei/ktunnel/cmd/expose.go:116.3,116.12 1 0
github.com/omrikiei/ktunnel/cmd/expose.go:116.12,118.18 2 0
github.com/omrikiei/ktunnel/cmd/expose.go:118.18,120.5 1 0
github.com/omrikiei/ktunnel/cmd/expose.go:123.3,147.17 2 0
github.com/omrikiei/ktunnel/cmd/expose.go:147.17,149.4 1 0
github.com/omrikiei/ktunnel/cmd/expose.go:150.3,156.13 5 0
github.com/omrikiei/ktunnel/cmd/expose.go:156.13,157.16 1 0
github.com/omrikiei/ktunnel/cmd/expose.go:157.16,159.14 2 0
github.com/omrikiei/ktunnel/cmd/expose.go:159.14,161.6 1 0
github.com/omrikiei/ktunnel/cmd/expose.go:161.11,163.6 1 0
github.com/omrikiei/ktunnel/cmd/expose.go:164.5,165.15 2 0
github.com/omrikiei/ktunnel/cmd/expose.go:165.15,167.20 2 0
github.com/omrikiei/ktunnel/cmd/expose.go:167.20,169.7 1 0
github.com/omrikiei/ktunnel/cmd/expose.go:171.5,171.17 1 0
github.com/omrikiei/ktunnel/cmd/expose.go:175.3,185.17 7 0
github.com/omrikiei/ktunnel/cmd/expose.go:185.17,188.4 2 0
github.com/omrikiei/ktunnel/cmd/expose.go:189.3,189.40 1 0
github.com/omrikiei/ktunnel/cmd/expose.go:189.40,190.25 1 0
github.com/omrikiei/ktunnel/cmd/expose.go:190.25,192.19 2 0
github.com/omrikiei/ktunnel/cmd/expose.go:192.19,194.6 1 0
github.com/omrikiei/ktunnel/cmd/expose.go:195.5,201.12 3 0
github.com/omrikiei/ktunnel/cmd/expose.go:201.12,203.6 1 0
github.com/omrikiei/ktunnel/cmd/expose.go:204.5,205.19 2 0
github.com/omrikiei/ktunnel/cmd/expose.go:205.19,207.6 1 0
github.com/omrikiei/ktunnel/cmd/expose.go:210.3,210.9 1 0
github.com/omrikiei/ktunnel/cmd/expose.go:214.13,237.2 22 0
github.com/omrikiei/ktunnel/cmd/inject.go:39.47,41.14 2 0
github.com/omrikiei/ktunnel/cmd/inject.go:41.14,44.4 2 0
github.com/omrikiei/ktunnel/cmd/inject.go:45.3,51.17 5 0
github.com/omrikiei/ktunnel/cmd/inject.go:51.17,53.4 1 0
github.com/omrikiei/ktunnel/cmd/inject.go:54.3,55.17 2 0
github.com/omrikiei/ktunnel/cmd/inject.go:55.17,57.4 1 0
github.com/omrikiei/ktunnel/cmd/inject.go:59.3,67.13 6 0
github.com/omrikiei/ktunnel/cmd/inject.go:67.13,68.16 1 0
github.com/omrikiei/ktunnel/cmd/inject.go:68.16,73.14 5 0
github.com/omrikiei/ktunnel/cmd/inject.go:73.14,76.13 3 0
github.com/omrikiei/ktunnel/cmd/inject.go:76.13,78.7 1 0
github.com/omrikiei/ktunnel/cmd/inject.go:79.6,79.17 1 0
github.com/omrikiei/ktunnel/cmd/inject.go:81.5,82.17 2 0
github.com/omrikiei/ktunnel/cmd/inject.go:87.3,89.15 3 0
github.com/omrikiei/ktunnel/cmd/inject.go:89.15,93.4 3 0
github.com/omrikiei/ktunnel/cmd/inject.go:96.3,99.17 3 0
github.com/omrikiei/ktunnel/cmd/inject.go:99.17,102.4 2 0
github.com/omrikiei/ktunnel/cmd/inject.go:103.3,103.40 1 0
github.com/omrikiei/ktunnel/cmd/inject.go:103.40,104.25 1 0
github.com/omrikiei/ktunnel/cmd/inject.go:104.25,106.19 2 0
github.com/omrikiei/ktunnel/cmd/inject.go:106.19,108.6 1 0
github.com/omrikiei/ktunnel/cmd/inject.go:109.5,115.12 3 0
github.com/omrikiei/ktunnel/cmd/inject.go:115.12,117.6 1 0
github.com/omrikiei/ktunnel/cmd/inject.go:118.5,119.19 2 0
github.com/omrikiei/ktunnel/cmd/inject.go:119.19,121.6 1 0
github.com/omrikiei/ktunnel/cmd/inject.go:124.3,124.9 1 0
github.com/omrikiei/ktunnel/cmd/inject.go:128.13,147.2 18 0
github.com/omrikiei/ktunnel/cmd/root.go:38.16,39.54 1 0
github.com/omrikiei/ktunnel/cmd/root.go:39.54,41.17 2 0
github.com/omrikiei/ktunnel/cmd/root.go:41.17,43.4 1 0
github.com/omrikiei/ktunnel/cmd/root.go:46.2,46.42 1 0
github.com/omrikiei/ktunnel/cmd/root.go:46.42,49.3 2 0
github.com/omrikiei/ktunnel/cmd/root.go:52.13,57.2 4 0
github.com/omrikiei/ktunnel/cmd/server.go:26.47,28.14 2 0
github.com/omrikiei/ktunnel/cmd/server.go:28.14,30.4 1 0
github.com/omrikiei/ktunnel/cmd/server.go:31.3,36.13 4 0
github.com/omrikiei/ktunnel/cmd/server.go:36.13,37.16 1 0
github.com/omrikiei/ktunnel/cmd/server.go:37.16,41.5 3 0
github.com/omrikiei/ktunnel/cmd/server.go:43.3,44.10 2 0
github.com/omrikiei/ktunnel/cmd/server.go:44.10,46.4 1 0
github.com/omrikiei/ktunnel/cmd/server.go:47.3,48.17 2 0
github.com/omrikiei/ktunnel/cmd/server.go:48.17,50.4 1 0
github.com/omrikiei/ktunnel/cmd/server.go:54.13,58.2 3 0
github.com/omrikiei/ktunnel/cmd/version.go:9.13,11.2 1 0
github.com/omrikiei/ktunnel/cmd/version.go:17.47,18.14 1 0
github.com/omrikiei/ktunnel/cmd/version.go:18.14,20.4 1 0
github.com/omrikiei/ktunnel/cmd/version.go:21.3,21.23 1 0
github.com/omrikiei/ktunnel/pkg/common/common.go:33.27,35.19 2 0
github.com/omrikiei/ktunnel/pkg/common/common.go:35.19,38.3 2 0
github.com/omrikiei/ktunnel/pkg/common/common.go:39.2,39.12 1 0
github.com/omrikiei/ktunnel/pkg/common/common.go:39.12,42.3 2 0
github.com/omrikiei/ktunnel/pkg/common/common.go:51.41,63.2 4 0
github.com/omrikiei/ktunnel/pkg/common/common.go:65.65,77.2 4 0
github.com/omrikiei/ktunnel/pkg/common/common.go:79.43,80.44 1 0
github.com/omrikiei/ktunnel/pkg/common/common.go:80.44,82.3 1 0
github.com/omrikiei/ktunnel/pkg/common/common.go:83.2,84.18 2 0
github.com/omrikiei/ktunnel/pkg/common/common.go:87.48,89.8 2 0
github.com/omrikiei/ktunnel/pkg/common/common.go:89.8,91.3 1 0
github.com/omrikiei/ktunnel/pkg/common/common.go:92.2,92.16 1 0
github.com/omrikiei/ktunnel/pkg/common/common.go:95.53,97.19 2 0
github.com/omrikiei/ktunnel/pkg/common/common.go:97.19,99.3 1 0
github.com/omrikiei/ktunnel/pkg/common/common.go:100.2,100.19 1 0
github.com/omrikiei/ktunnel/pkg/common/common.go:100.19,102.17 2 0
github.com/omrikiei/ktunnel/pkg/common/common.go:102.17,104.4 1 0
github.com/omrikiei/ktunnel/pkg/common/common.go:105.3,109.9 1 0
github.com/omrikiei/ktunnel/pkg/common/common.go:111.2,111.19 1 0
github.com/omrikiei/ktunnel/pkg/common/common.go:111.19,113.17 2 0
github.com/omrikiei/ktunnel/pkg/common/common.go:113.17,115.4 1 0
github.com/omrikiei/ktunnel/pkg/common/common.go:116.3,117.17 2 0
github.com/omrikiei/ktunnel/pkg/common/common.go:117.17,119.4 1 0
github.com/omrikiei/ktunnel/pkg/common/common.go:120.3,124.9 1 0
github.com/omrikiei/ktunnel/pkg/common/common.go:126.2,126.19 1 0
github.com/omrikiei/ktunnel/pkg/common/common.go:126.19,128.17 2 0
github.com/omrikiei/ktunnel/pkg/common/common.go:128.17,130.4 1 0
github.com/omrikiei/ktunnel/pkg/common/common.go:131.3,132.17 2 0
github.com/omrikiei/ktunnel/pkg/common/common.go:132.17,134.4 1 0
github.com/omrikiei/ktunnel/pkg/common/common.go:135.3,139.9 1 0
github.com/omrikiei/ktunnel/pkg/common/common.go:141.2,141.72 1 0
github.com/omrikiei/ktunnel/main.go:7.13,9.2 1 0
github.com/omrikiei/ktunnel/pkg/server/server.go:28.44,30.2 1 0
github.com/omrikiei/ktunnel/pkg/server/server.go:34.97,35.6 1 0
github.com/omrikiei/ktunnel/pkg/server/server.go:35.6,36.10 1 0
github.com/omrikiei/ktunnel/pkg/server/server.go:37.34,38.10 1 0
github.com/omrikiei/ktunnel/pkg/server/server.go:39.30,61.18 9 0
github.com/omrikiei/ktunnel/pkg/server/server.go:61.18,63.13 2 0
github.com/omrikiei/ktunnel/pkg/server/server.go:65.4,68.52 1 0
github.com/omrikiei/ktunnel/pkg/server/server.go:73.67,74.6 1 0
github.com/omrikiei/ktunnel/pkg/server/server.go:74.6,75.10 1 0
github.com/omrikiei/ktunnel/pkg/server/server.go:76.34,77.10 1 0
github.com/omrikiei/ktunnel/pkg/server/server.go:78.11,80.18 2 0
github.com/omrikiei/ktunnel/pkg/server/server.go:80.18,82.13 2 0
github.com/omrikiei/ktunnel/pkg/server/server.go:85.4,86.18 2 0
github.com/omrikiei/ktunnel/pkg/server/server.go:86.18,88.13 2 0
github.com/omrikiei/ktunnel/pkg/server/server.go:91.4,92.42 2 0
github.com/omrikiei/ktunnel/pkg/server/server.go:92.42,94.13 2 0
github.com/omrikiei/ktunnel/pkg/server/server.go:97.4,106.30 4 0
github.com/omrikiei/ktunnel/pkg/server/server.go:106.30,109.19 3 0
github.com/omrikiei/ktunnel/pkg/server/server.go:109.19,112.6 2 0
github.com/omrikiei/ktunnel/pkg/server/server.go:112.11,114.6 1 0
github.com/omrikiei/ktunnel/pkg/server/server.go:117.4,117.35 1 0
github.com/omrikiei/ktunnel/pkg/server/server.go:117.35,121.5 3 0
github.com/omrikiei/ktunnel/pkg/server/server.go:127.108,131.6 3 0
github.com/omrikiei/ktunnel/pkg/server/server.go:131.6,136.10 3 0
github.com/omrikiei/ktunnel/pkg/server/server.go:137.21,140.10 3 0
github.com/omrikiei/ktunnel/pkg/server/server.go:141.11,145.18 3 0
github.com/omrikiei/ktunnel/pkg/server/server.go:145.18,146.22 1 0
github.com/omrikiei/ktunnel/pkg/server/server.go:146.22,148.6 1 0
github.com/omrikiei/ktunnel/pkg/server/server.go:152.5,152.25 1 0
github.com/omrikiei/ktunnel/pkg/server/server.go:156.4,156.14 1 0
github.com/omrikiei/ktunnel/pkg/server/server.go:156.14,158.5 1 0
github.com/omrikiei/ktunnel/pkg/server/server.go:159.4,162.29 3 0
github.com/omrikiei/ktunnel/pkg/server/server.go:162.29,164.5 1 0
github.com/omrikiei/ktunnel/pkg/server/server.go:169.76,171.16 2 0
github.com/omrikiei/ktunnel/pkg/server/server.go:171.16,173.3 1 0
github.com/omrikiei/ktunnel/pkg/server/server.go:175.2,176.15 2 0
github.com/omrikiei/ktunnel/pkg/server/server.go:176.15,184.17 2 0
github.com/omrikiei/ktunnel/pkg/server/server.go:184.17,186.4 1 0
github.com/omrikiei/ktunnel/pkg/server/server.go:188.3,188.36 1 0
github.com/omrikiei/ktunnel/pkg/server/server.go:191.2,196.16 3 0
github.com/omrikiei/ktunnel/pkg/server/server.go:196.16,197.16 1 0
github.com/omrikiei/ktunnel/pkg/server/server.go:197.16,199.4 1 0
github.com/omrikiei/ktunnel/pkg/server/server.go:200.3,207.13 2 0
github.com/omrikiei/ktunnel/pkg/server/server.go:210.2,211.12 2 0
github.com/omrikiei/ktunnel/pkg/server/server.go:211.12,215.3 3 0
github.com/omrikiei/ktunnel/pkg/server/server.go:217.2,217.12 1 0
github.com/omrikiei/ktunnel/pkg/server/server.go:217.12,220.3 2 0
github.com/omrikiei/ktunnel/pkg/server/server.go:221.2,221.12 1 0
github.com/omrikiei/ktunnel/pkg/server/server.go:221.12,224.3 2 0
github.com/omrikiei/ktunnel/pkg/server/server.go:226.2,226.6 1 0
github.com/omrikiei/ktunnel/pkg/server/server.go:226.6,229.17 3 0
github.com/omrikiei/ktunnel/pkg/server/server.go:229.17,231.4 1 0
github.com/omrikiei/ktunnel/pkg/server/server.go:234.3,235.59 2 0
github.com/omrikiei/ktunnel/pkg/server/server.go:240.59,242.16 2 0
github.com/omrikiei/ktunnel/pkg/server/server.go:242.16,244.3 1 0
github.com/omrikiei/ktunnel/pkg/server/server.go:246.2,247.14 2 0
github.com/omrikiei/ktunnel/pkg/server/server.go:247.14,249.17 2 0
github.com/omrikiei/ktunnel/pkg/server/server.go:249.17,251.4 1 0
github.com/omrikiei/ktunnel/pkg/server/server.go:252.3,252.52 1 0
github.com/omrikiei/ktunnel/pkg/server/server.go:255.2,257.16 3 0
github.com/omrikiei/ktunnel/pkg/server/server.go:257.16,259.3 1 0
github.com/omrikiei/ktunnel/pkg/server/server.go:262.2,262.12 1 0
github.com/omrikiei/ktunnel/pkg/server/server.go:262.12,265.3 2 0
github.com/omrikiei/ktunnel/pkg/server/server.go:267.2,269.30 3 0
github.com/omrikiei/ktunnel/pkg/server/server.go:273.50,283.25 2 0
github.com/omrikiei/ktunnel/pkg/server/server.go:283.25,284.32 1 0
github.com/omrikiei/ktunnel/pkg/server/server.go:284.32,286.4 1 0
github.com/omrikiei/ktunnel/pkg/server/server.go:289.2,289.17 1 0
github.com/omrikiei/ktunnel/pkg/server/server.go:294.29,295.33 1 0
github.com/omrikiei/ktunnel/pkg/server/server.go:295.33,298.3 2 0
github.com/omrikiei/ktunnel/pkg/server/server.go:303.39,304.33 1 0
github.com/omrikiei/ktunnel/pkg/server/server.go:304.33,309.3 4 0
github.com/omrikiei/ktunnel/pkg/server/server.go:314.43,315.33 1 0
github.com/omrikiei/ktunnel/pkg/server/server.go:315.33,318.3 2 0
github.com/omrikiei/ktunnel/tunnel_pb/tunnel.pb.go:53.35,55.2 1 0
github.com/omrikiei/ktunnel/tunnel_pb/tunnel.pb.go:57.50,59.2 1 0
github.com/omrikiei/ktunnel/tunnel_pb/tunnel.pb.go:78.39,80.2 1 0
github.com/omrikiei/ktunnel/tunnel_pb/tunnel.pb.go:82.54,84.2 1 0
github.com/omrikiei/ktunnel/tunnel_pb/tunnel.pb.go:94.38,94.59 1 0
github.com/omrikiei/ktunnel/tunnel_pb/tunnel.pb.go:95.38,95.75 1 0
github.com/omrikiei/ktunnel/tunnel_pb/tunnel.pb.go:96.39,96.40 0 0
github.com/omrikiei/ktunnel/tunnel_pb/tunnel.pb.go:97.49,99.2 1 0
github.com/omrikiei/ktunnel/tunnel_pb/tunnel.pb.go:101.52,103.2 1 0
github.com/omrikiei/ktunnel/tunnel_pb/tunnel.pb.go:104.80,106.2 1 0
github.com/omrikiei/ktunnel/tunnel_pb/tunnel.pb.go:107.51,109.2 1 0
github.com/omrikiei/ktunnel/tunnel_pb/tunnel.pb.go:110.37,112.2 1 0
github.com/omrikiei/ktunnel/tunnel_pb/tunnel.pb.go:113.43,115.2 1 0
github.com/omrikiei/ktunnel/tunnel_pb/tunnel.pb.go:119.45,120.14 1 0
github.com/omrikiei/ktunnel/tunnel_pb/tunnel.pb.go:120.14,122.3 1 0
github.com/omrikiei/ktunnel/tunnel_pb/tunnel.pb.go:123.2,123.22 1 0
github.com/omrikiei/ktunnel/tunnel_pb/tunnel.pb.go:126.42,127.14 1 0
github.com/omrikiei/ktunnel/tunnel_pb/tunnel.pb.go:127.14,129.3 1 0
github.com/omrikiei/ktunnel/tunnel_pb/tunnel.pb.go:130.2,130.11 1 0
github.com/omrikiei/ktunnel/tunnel_pb/tunnel.pb.go:145.45,145.73 1 0
github.com/omrikiei/ktunnel/tunnel_pb/tunnel.pb.go:146.45,146.82 1 0
github.com/omrikiei/ktunnel/tunnel_pb/tunnel.pb.go:147.46,147.47 0 0
github.com/omrikiei/ktunnel/tunnel_pb/tunnel.pb.go:148.56,150.2 1 0
github.com/omrikiei/ktunnel/tunnel_pb/tunnel.pb.go:152.59,154.2 1 0
github.com/omrikiei/ktunnel/tunnel_pb/tunnel.pb.go:155.87,157.2 1 0
github.com/omrikiei/ktunnel/tunnel_pb/tunnel.pb.go:158.58,160.2 1 0
github.com/omrikiei/ktunnel/tunnel_pb/tunnel.pb.go:161.44,163.2 1 0
github.com/omrikiei/ktunnel/tunnel_pb/tunnel.pb.go:164.50,166.2 1 0
github.com/omrikiei/ktunnel/tunnel_pb/tunnel.pb.go:170.45,171.14 1 0
github.com/omrikiei/ktunnel/tunnel_pb/tunnel.pb.go:171.14,173.3 1 0
github.com/omrikiei/ktunnel/tunnel_pb/tunnel.pb.go:174.2,174.10 1 0
github.com/omrikiei/ktunnel/tunnel_pb/tunnel.pb.go:177.51,178.14 1 0
github.com/omrikiei/ktunnel/tunnel_pb/tunnel.pb.go:178.14,180.3 1 0
github.com/omrikiei/ktunnel/tunnel_pb/tunnel.pb.go:181.2,181.11 1 0
github.com/omrikiei/ktunnel/tunnel_pb/tunnel.pb.go:184.52,185.14 1 0
github.com/omrikiei/ktunnel/tunnel_pb/tunnel.pb.go:185.14,187.3 1 0
github.com/omrikiei/ktunnel/tunnel_pb/tunnel.pb.go:188.2,188.22 1 0
github.com/omrikiei/ktunnel/tunnel_pb/tunnel.pb.go:191.54,192.14 1 0
github.com/omrikiei/ktunnel/tunnel_pb/tunnel.pb.go:192.14,194.3 1 0
github.com/omrikiei/ktunnel/tunnel_pb/tunnel.pb.go:195.2,195.25 1 0
github.com/omrikiei/ktunnel/tunnel_pb/tunnel.pb.go:198.46,199.14 1 0
github.com/omrikiei/ktunnel/tunnel_pb/tunnel.pb.go:199.14,201.3 1 0
github.com/omrikiei/ktunnel/tunnel_pb/tunnel.pb.go:202.2,202.12 1 0
github.com/omrikiei/ktunnel/tunnel_pb/tunnel.pb.go:205.51,206.14 1 0
github.com/omrikiei/ktunnel/tunnel_pb/tunnel.pb.go:206.14,208.3 1 0
github.com/omrikiei/ktunnel/tunnel_pb/tunnel.pb.go:209.2,209.14 1 0
github.com/omrikiei/ktunnel/tunnel_pb/tunnel.pb.go:223.46,223.75 1 0
github.com/omrikiei/ktunnel/tunnel_pb/tunnel.pb.go:224.46,224.83 1 0
github.com/omrikiei/ktunnel/tunnel_pb/tunnel.pb.go:225.47,225.48 0 0
github.com/omrikiei/ktunnel/tunnel_pb/tunnel.pb.go:226.57,228.2 1 0
github.com/omrikiei/ktunnel/tunnel_pb/tunnel.pb.go:230.60,232.2 1 0
github.com/omrikiei/ktunnel/tunnel_pb/tunnel.pb.go:233.88,235.2 1 0
github.com/omrikiei/ktunnel/tunnel_pb/tunnel.pb.go:236.59,238.2 1 0
github.com/omrikiei/ktunnel/tunnel_pb/tunnel.pb.go:239.45,241.2 1 0
github.com/omrikiei/ktunnel/tunnel_pb/tunnel.pb.go:242.51,244.2 1 0
github.com/omrikiei/ktunnel/tunnel_pb/tunnel.pb.go:248.47,249.14 1 0
github.com/omrikiei/ktunnel/tunnel_pb/tunnel.pb.go:249.14,251.3 1 0
github.com/omrikiei/ktunnel/tunnel_pb/tunnel.pb.go:252.2,252.14 1 0
github.com/omrikiei/ktunnel/tunnel_pb/tunnel.pb.go:255.58,256.14 1 0
github.com/omrikiei/ktunnel/tunnel_pb/tunnel.pb.go:256.14,258.3 1 0
github.com/omrikiei/ktunnel/tunnel_pb/tunnel.pb.go:259.2,259.12 1 0
github.com/omrikiei/ktunnel/tunnel_pb/tunnel.pb.go:262.52,263.14 1 0
github.com/omrikiei/ktunnel/tunnel_pb/tunnel.pb.go:263.14,265.3 1 0
github.com/omrikiei/ktunnel/tunnel_pb/tunnel.pb.go:266.2,266.11 1 0
github.com/omrikiei/ktunnel/tunnel_pb/tunnel.pb.go:269.47,270.14 1 0
github.com/omrikiei/ktunnel/tunnel_pb/tunnel.pb.go:270.14,272.3 1 0
github.com/omrikiei/ktunnel/tunnel_pb/tunnel.pb.go:273.2,273.12 1 0
github.com/omrikiei/ktunnel/tunnel_pb/tunnel.pb.go:276.52,277.14 1 0
github.com/omrikiei/ktunnel/tunnel_pb/tunnel.pb.go:277.14,279.3 1 0
github.com/omrikiei/ktunnel/tunnel_pb/tunnel.pb.go:280.2,280.14 1 0
github.com/omrikiei/ktunnel/tunnel_pb/tunnel.pb.go:283.13,289.2 5 0
github.com/omrikiei/ktunnel/tunnel_pb/tunnel.pb.go:291.13,291.84 1 0
github.com/omrikiei/ktunnel/tunnel_pb/tunnel.pb.go:342.56,344.2 1 0
github.com/omrikiei/ktunnel/tunnel_pb/tunnel.pb.go:346.114,348.16 2 0
github.com/omrikiei/ktunnel/tunnel_pb/tunnel.pb.go:348.16,350.3 1 0
github.com/omrikiei/ktunnel/tunnel_pb/tunnel.pb.go:351.2,352.15 2 0
github.com/omrikiei/ktunnel/tunnel_pb/tunnel.pb.go:365.67,367.2 1 0
github.com/omrikiei/ktunnel/tunnel_pb/tunnel.pb.go:369.70,371.50 2 0
github.com/omrikiei/ktunnel/tunnel_pb/tunnel.pb.go:371.50,373.3 1 0
github.com/omrikiei/ktunnel/tunnel_pb/tunnel.pb.go:374.2,374.15 1 0
github.com/omrikiei/ktunnel/tunnel_pb/tunnel.pb.go:386.81,388.2 1 0
github.com/omrikiei/ktunnel/tunnel_pb/tunnel.pb.go:390.61,392.2 1 0
github.com/omrikiei/ktunnel/tunnel_pb/tunnel.pb.go:394.82,396.2 1 0
github.com/omrikiei/ktunnel/tunnel_pb/tunnel.pb.go:408.68,410.2 1 0
github.com/omrikiei/ktunnel/tunnel_pb/tunnel.pb.go:412.69,414.50 2 0
github.com/omrikiei/ktunnel/tunnel_pb/tunnel.pb.go:414.50,416.3 1 0
github.com/omrikiei/ktunnel/tunnel_pb/tunnel.pb.go:417.2,417.15 1 0
github.com/omrikiei/ktunnel/pkg/common/common.go:33.27,35.19 2 0
github.com/omrikiei/ktunnel/pkg/common/common.go:35.19,38.3 2 0
github.com/omrikiei/ktunnel/pkg/common/common.go:39.2,39.12 1 0
github.com/omrikiei/ktunnel/pkg/common/common.go:39.12,42.3 2 0
github.com/omrikiei/ktunnel/pkg/common/common.go:51.41,63.2 4 0
github.com/omrikiei/ktunnel/pkg/common/common.go:65.65,77.2 4 0
github.com/omrikiei/ktunnel/pkg/common/common.go:79.43,80.44 1 0
github.com/omrikiei/ktunnel/pkg/common/common.go:80.44,82.3 1 0
github.com/omrikiei/ktunnel/pkg/common/common.go:83.2,84.18 2 0
github.com/omrikiei/ktunnel/pkg/common/common.go:87.48,89.8 2 0
github.com/omrikiei/ktunnel/pkg/common/common.go:89.8,91.3 1 0
github.com/omrikiei/ktunnel/pkg/common/common.go:92.2,92.16 1 0
github.com/omrikiei/ktunnel/pkg/common/common.go:95.53,97.19 2 0
github.com/omrikiei/ktunnel/pkg/common/common.go:97.19,99.3 1 0
github.com/omrikiei/ktunnel/pkg/common/common.go:100.2,100.19 1 0
github.com/omrikiei/ktunnel/pkg/common/common.go:100.19,102.17 2 0
github.com/omrikiei/ktunnel/pkg/common/common.go:102.17,104.4 1 0
github.com/omrikiei/ktunnel/pkg/common/common.go:105.3,109.9 1 0
github.com/omrikiei/ktunnel/pkg/common/common.go:111.2,111.19 1 0
github.com/omrikiei/ktunnel/pkg/common/common.go:111.19,113.17 2 0
github.com/omrikiei/ktunnel/pkg/common/common.go:113.17,115.4 1 0
github.com/omrikiei/ktunnel/pkg/common/common.go:116.3,117.17 2 0
github.com/omrikiei/ktunnel/pkg/common/common.go:117.17,119.4 1 0
github.com/omrikiei/ktunnel/pkg/common/common.go:120.3,124.9 1 0
github.com/omrikiei/ktunnel/pkg/common/common.go:126.2,126.19 1 0
github.com/omrikiei/ktunnel/pkg/common/common.go:126.19,128.17 2 0
github.com/omrikiei/ktunnel/pkg/common/common.go:128.17,130.4 1 0
github.com/omrikiei/ktunnel/pkg/common/common.go:131.3,132.17 2 0
github.com/omrikiei/ktunnel/pkg/common/common.go:132.17,134.4 1 0
github.com/omrikiei/ktunnel/pkg/common/common.go:135.3,139.9 1 0
github.com/omrikiei/ktunnel/pkg/common/common.go:141.2,141.72 1 0
github.com/omrikiei/ktunnel/pkg/k8s/cleanup.go:27.78,35.2 1 3
github.com/omrikiei/ktunnel/pkg/k8s/cleanup.go:38.62,40.2 1 2
github.com/omrikiei/ktunnel/pkg/k8s/cleanup.go:43.55,48.2 4 3
github.com/omrikiei/ktunnel/pkg/k8s/cleanup.go:51.52,56.2 4 4
github.com/omrikiei/ktunnel/pkg/k8s/cleanup.go:59.58,62.35 3 1
github.com/omrikiei/ktunnel/pkg/k8s/cleanup.go:62.35,63.16 1 1
github.com/omrikiei/ktunnel/pkg/k8s/cleanup.go:63.16,67.4 3 1
github.com/omrikiei/ktunnel/pkg/k8s/cleanup.go:72.55,75.32 3 1
github.com/omrikiei/ktunnel/pkg/k8s/cleanup.go:75.32,76.16 1 1
github.com/omrikiei/ktunnel/pkg/k8s/cleanup.go:76.16,80.4 3 1
github.com/omrikiei/ktunnel/pkg/k8s/cleanup.go:85.63,102.41 11 2
github.com/omrikiei/ktunnel/pkg/k8s/cleanup.go:102.41,104.24 2 1
github.com/omrikiei/ktunnel/pkg/k8s/cleanup.go:104.24,107.18 3 1
github.com/omrikiei/ktunnel/pkg/k8s/cleanup.go:107.18,109.12 2 1
github.com/omrikiei/ktunnel/pkg/k8s/cleanup.go:110.25,110.25 0 1
github.com/omrikiei/ktunnel/pkg/k8s/cleanup.go:111.13,111.13 0 0
github.com/omrikiei/ktunnel/pkg/k8s/cleanup.go:113.10,115.5 1 0
github.com/omrikiei/ktunnel/pkg/k8s/cleanup.go:120.2,120.35 1 2
github.com/omrikiei/ktunnel/pkg/k8s/cleanup.go:120.35,122.24 2 2
github.com/omrikiei/ktunnel/pkg/k8s/cleanup.go:122.24,125.18 3 2
github.com/omrikiei/ktunnel/pkg/k8s/cleanup.go:125.18,127.12 2 1
github.com/omrikiei/ktunnel/pkg/k8s/cleanup.go:128.25,128.25 0 1
github.com/omrikiei/ktunnel/pkg/k8s/cleanup.go:129.13,129.13 0 0
github.com/omrikiei/ktunnel/pkg/k8s/cleanup.go:131.10,133.5 1 1
github.com/omrikiei/ktunnel/pkg/k8s/cleanup.go:138.2,139.12 2 2
github.com/omrikiei/ktunnel/pkg/k8s/cleanup.go:139.12,142.3 2 2
github.com/omrikiei/ktunnel/pkg/k8s/cleanup.go:144.2,144.9 1 2
github.com/omrikiei/ktunnel/pkg/k8s/cleanup.go:145.20,146.19 1 1
github.com/omrikiei/ktunnel/pkg/k8s/cleanup.go:147.18,151.28 3 1
github.com/omrikiei/ktunnel/pkg/k8s/cleanup.go:151.28,153.4 1 0
github.com/omrikiei/ktunnel/pkg/k8s/cleanup.go:154.3,154.20 1 1
github.com/omrikiei/ktunnel/pkg/k8s/cleanup.go:154.20,157.4 2 0
github.com/omrikiei/ktunnel/pkg/k8s/cleanup.go:158.3,158.13 1 1
github.com/omrikiei/ktunnel/pkg/k8s/cleanup.go:163.51,167.12 3 0
github.com/omrikiei/ktunnel/pkg/k8s/cleanup.go:167.12,172.41 4 0
github.com/omrikiei/ktunnel/pkg/k8s/cleanup.go:172.41,173.39 1 0
github.com/omrikiei/ktunnel/pkg/k8s/cleanup.go:173.39,175.5 1 0
github.com/omrikiei/ktunnel/pkg/k8s/cleanup.go:175.10,177.5 1 0
github.com/omrikiei/ktunnel/pkg/k8s/cleanup.go:178.4,178.14 1 0
github.com/omrikiei/ktunnel/pkg/k8s/cleanup.go:181.3,182.13 2 0
github.com/omrikiei/ktunnel/pkg/k8s/cleanup.go:187.71,195.2 7 2
github.com/omrikiei/ktunnel/pkg/k8s/client.go:24.52,28.2 3 0
github.com/omrikiei/ktunnel/pkg/k8s/client.go:30.47,34.2 3 0
github.com/omrikiei/ktunnel/pkg/k8s/client.go:36.116,42.2 1 0
github.com/omrikiei/ktunnel/pkg/k8s/client.go:44.107,50.2 5 0
github.com/omrikiei/ktunnel/pkg/k8s/common.go:49.70,56.2 2 0
github.com/omrikiei/ktunnel/pkg/k8s/common.go:58.62,60.16 2 0
github.com/omrikiei/ktunnel/pkg/k8s/common.go:60.16,63.3 2 0
github.com/omrikiei/ktunnel/pkg/k8s/common.go:65.2,73.3 4 0
github.com/omrikiei/ktunnel/pkg/k8s/common.go:76.35,76.52 1 2
github.com/omrikiei/ktunnel/pkg/k8s/common.go:77.45,79.2 1 4
github.com/omrikiei/ktunnel/pkg/k8s/common.go:80.40,80.67 1 1
github.com/omrikiei/ktunnel/pkg/k8s/common.go:90.25,94.2 3 1
github.com/omrikiei/ktunnel/pkg/k8s/common.go:97.23,101.2 3 5
github.com/omrikiei/ktunnel/pkg/k8s/common.go:103.49,105.23 2 0
github.com/omrikiei/ktunnel/pkg/k8s/common.go:105.23,108.3 2 0
github.com/omrikiei/ktunnel/pkg/k8s/common.go:109.2,115.23 4 0
github.com/omrikiei/ktunnel/pkg/k8s/common.go:115.23,117.3 1 0
github.com/omrikiei/ktunnel/pkg/k8s/common.go:119.2,122.60 3 0
github.com/omrikiei/ktunnel/pkg/k8s/common.go:122.60,125.3 2 0
github.com/omrikiei/ktunnel/pkg/k8s/common.go:127.2,128.21 2 0
github.com/omrikiei/ktunnel/pkg/k8s/common.go:128.21,130.3 1 0
github.com/omrikiei/ktunnel/pkg/k8s/common.go:132.2,133.16 2 0
github.com/omrikiei/ktunnel/pkg/k8s/common.go:133.16,135.3 1 0
github.com/omrikiei/ktunnel/pkg/k8s/common.go:136.2,137.19 2 0
github.com/omrikiei/ktunnel/pkg/k8s/common.go:140.52,145.71 3 0
github.com/omrikiei/ktunnel/pkg/k8s/common.go:145.71,147.3 1 0
github.com/omrikiei/ktunnel/pkg/k8s/common.go:149.2,150.16 2 0
github.com/omrikiei/ktunnel/pkg/k8s/common.go:150.16,153.3 2 0
github.com/omrikiei/ktunnel/pkg/k8s/common.go:155.2,157.53 3 0
github.com/omrikiei/ktunnel/pkg/k8s/common.go:160.92,166.16 2 0
github.com/omrikiei/ktunnel/pkg/k8s/common.go:166.16,168.3 1 0
github.com/omrikiei/ktunnel/pkg/k8s/common.go:169.2,169.18 1 0
github.com/omrikiei/ktunnel/pkg/k8s/common.go:172.59,173.39 1 5
github.com/omrikiei/ktunnel/pkg/k8s/common.go:173.39,174.23 1 5
github.com/omrikiei/ktunnel/pkg/k8s/common.go:174.23,176.4 1 2
github.com/omrikiei/ktunnel/pkg/k8s/common.go:178.2,178.14 1 3
github.com/omrikiei/ktunnel/pkg/k8s/common.go:181.150,183.17 2 5
github.com/omrikiei/ktunnel/pkg/k8s/common.go:183.17,185.3 1 3
github.com/omrikiei/ktunnel/pkg/k8s/common.go:186.2,186.16 1 5
github.com/omrikiei/ktunnel/pkg/k8s/common.go:186.16,188.3 1 1
github.com/omrikiei/ktunnel/pkg/k8s/common.go:189.2,189.15 1 5
github.com/omrikiei/ktunnel/pkg/k8s/common.go:189.15,191.3 1 1
github.com/omrikiei/ktunnel/pkg/k8s/common.go:192.2,218.3 7 5
github.com/omrikiei/ktunnel/pkg/k8s/common.go:232.22,266.2 5 1
github.com/omrikiei/ktunnel/pkg/k8s/common.go:268.114,290.2 1 1
github.com/omrikiei/ktunnel/pkg/k8s/common.go:292.79,295.16 3 0
github.com/omrikiei/ktunnel/pkg/k8s/common.go:295.16,297.3 1 0
github.com/omrikiei/ktunnel/pkg/k8s/common.go:298.2,300.39 3 0
github.com/omrikiei/ktunnel/pkg/k8s/common.go:300.39,301.26 1 0
github.com/omrikiei/ktunnel/pkg/k8s/common.go:301.26,303.9 2 0
github.com/omrikiei/ktunnel/pkg/k8s/common.go:305.3,305.41 1 0
github.com/omrikiei/ktunnel/pkg/k8s/common.go:305.41,307.4 1 0
github.com/omrikiei/ktunnel/pkg/k8s/common.go:309.2,310.33 2 0
github.com/omrikiei/ktunnel/pkg/k8s/common.go:310.33,312.3 1 0
github.com/omrikiei/ktunnel/pkg/k8s/common.go:314.2,314.12 1 0
github.com/omrikiei/ktunnel/pkg/k8s/common.go:317.163,321.16 4 0
github.com/omrikiei/ktunnel/pkg/k8s/common.go:321.16,323.3 1 0
github.com/omrikiei/ktunnel/pkg/k8s/common.go:325.2,329.16 4 0
github.com/omrikiei/ktunnel/pkg/k8s/common.go:329.16,331.3 1 0
github.com/omrikiei/ktunnel/pkg/k8s/common.go:332.2,335.16 4 0
github.com/omrikiei/ktunnel/pkg/k8s/common.go:335.16,337.3 1 0
github.com/omrikiei/ktunnel/pkg/k8s/common.go:338.2,338.40 1 0
github.com/omrikiei/ktunnel/pkg/k8s/common.go:338.40,340.3 1 0
github.com/omrikiei/ktunnel/pkg/k8s/common.go:342.2,343.35 2 0
github.com/omrikiei/ktunnel/pkg/k8s/common.go:343.35,349.17 5 0
github.com/omrikiei/ktunnel/pkg/k8s/common.go:349.17,351.4 1 0
github.com/omrikiei/ktunnel/pkg/k8s/common.go:352.3,357.17 5 0
github.com/omrikiei/ktunnel/pkg/k8s/common.go:357.17,359.4 1 0
github.com/omrikiei/ktunnel/pkg/k8s/common.go:361.3,361.13 1 0
github.com/omrikiei/ktunnel/pkg/k8s/common.go:361.13,362.24 1 0
github.com/omrikiei/ktunnel/pkg/k8s/common.go:362.25,363.5 0 0
github.com/omrikiei/ktunnel/pkg/k8s/common.go:364.4,364.33 1 0
github.com/omrikiei/ktunnel/pkg/k8s/common.go:364.33,367.5 2 0
github.com/omrikiei/ktunnel/pkg/k8s/common.go:367.10,367.37 1 0
github.com/omrikiei/ktunnel/pkg/k8s/common.go:367.37,369.54 2 0
github.com/omrikiei/ktunnel/pkg/k8s/common.go:369.54,371.6 1 0
github.com/omrikiei/ktunnel/pkg/k8s/common.go:374.3,374.13 1 0
github.com/omrikiei/ktunnel/pkg/k8s/common.go:374.13,375.50 1 0
github.com/omrikiei/ktunnel/pkg/k8s/common.go:375.50,377.5 1 0
github.com/omrikiei/ktunnel/pkg/k8s/common.go:381.2,384.12 3 0
github.com/omrikiei/ktunnel/pkg/k8s/common.go:384.12,387.3 2 0
github.com/omrikiei/ktunnel/pkg/k8s/common.go:389.2,389.9 1 0
github.com/omrikiei/ktunnel/pkg/k8s/common.go:390.33,391.18 1 0
github.com/omrikiei/ktunnel/pkg/k8s/common.go:392.16,393.27 1 0
github.com/omrikiei/ktunnel/pkg/k8s/common.go:397.88,400.48 3 6
github.com/omrikiei/ktunnel/pkg/k8s/common.go:400.48,402.3 1 6
github.com/omrikiei/ktunnel/pkg/k8s/common.go:402.8,402.54 1 0
github.com/omrikiei/ktunnel/pkg/k8s/common.go:402.54,405.3 2 0
github.com/omrikiei/ktunnel/pkg/k8s/common.go:406.2,409.60 4 6
github.com/omrikiei/ktunnel/pkg/k8s/common.go:409.60,411.3 1 2
github.com/omrikiei/ktunnel/pkg/k8s/common.go:412.2,417.3 2 6
github.com/omrikiei/ktunnel/pkg/k8s/common.go:420.74,421.12 1 2
github.com/omrikiei/ktunnel/pkg/k8s/common.go:421.12,425.65 2 2
github.com/omrikiei/ktunnel/pkg/k8s/common.go:425.65,427.26 2 0
github.com/omrikiei/ktunnel/pkg/k8s/common.go:427.26,429.5 1 0
github.com/omrikiei/ktunnel/pkg/k8s/common.go:433.3,434.53 2 2
github.com/omrikiei/ktunnel/pkg/k8s/common.go:434.53,436.4 1 0
github.com/omrikiei/ktunnel/pkg/k8s/common.go:438.3,448.17 6 2
github.com/omrikiei/ktunnel/pkg/k8s/common.go:448.17,452.4 3 0
github.com/omrikiei/ktunnel/pkg/k8s/common.go:454.3,456.41 2 2
github.com/omrikiei/ktunnel/pkg/k8s/common.go:456.41,458.11 2 0
github.com/omrikiei/ktunnel/pkg/k8s/common.go:458.11,459.13 1 0
github.com/omrikiei/ktunnel/pkg/k8s/common.go:462.4,463.18 2 0
github.com/omrikiei/ktunnel/pkg/k8s/common.go:463.18,467.5 3 0
github.com/omrikiei/ktunnel/pkg/k8s/common.go:469.4,469.22 1 0
github.com/omrikiei/ktunnel/pkg/k8s/common.go:469.22,472.5 2 0
github.com/omrikiei/ktunnel/pkg/k8s/common.go:474.4,474.13 1 0
github.com/omrikiei/ktunnel/pkg/k8s/common.go:474.13,477.5 2 0
github.com/omrikiei/ktunnel/pkg/k8s/common.go:480.3,480.21 1 0
github.com/omrikiei/ktunnel/pkg/k8s/common.go:484.76,485.67 1 2
github.com/omrikiei/ktunnel/pkg/k8s/common.go:485.67,487.63 2 1
github.com/omrikiei/ktunnel/pkg/k8s/common.go:487.63,489.4 1 0
github.com/omrikiei/ktunnel/pkg/k8s/common.go:491.3,491.103 1 1
github.com/omrikiei/ktunnel/pkg/k8s/common.go:491.103,493.4 1 0
github.com/omrikiei/ktunnel/pkg/k8s/common.go:495.3,495.69 1 1
github.com/omrikiei/ktunnel/pkg/k8s/common.go:495.69,497.4 1 0
github.com/omrikiei/ktunnel/pkg/k8s/common.go:499.3,499.78 1 1
github.com/omrikiei/ktunnel/pkg/k8s/common.go:499.78,501.4 1 0
github.com/omrikiei/ktunnel/pkg/k8s/common.go:503.3,503.92 1 1
github.com/omrikiei/ktunnel/pkg/k8s/common.go:505.2,505.77 1 1
github.com/omrikiei/ktunnel/pkg/k8s/common.go:508.130,509.35 1 1
github.com/omrikiei/ktunnel/pkg/k8s/common.go:509.35,511.25 2 0
github.com/omrikiei/ktunnel/pkg/k8s/common.go:511.25,513.4 1 0
github.com/omrikiei/ktunnel/pkg/k8s/common.go:515.2,515.12 1 1
github.com/omrikiei/ktunnel/pkg/k8s/exposer.go:45.9,53.9 7 0
github.com/omrikiei/ktunnel/pkg/k8s/exposer.go:53.9,55.3 1 0
github.com/omrikiei/ktunnel/pkg/k8s/exposer.go:56.2,56.29 1 0
github.com/omrikiei/ktunnel/pkg/k8s/exposer.go:56.29,58.17 2 0
github.com/omrikiei/ktunnel/pkg/k8s/exposer.go:58.17,60.12 2 0
github.com/omrikiei/ktunnel/pkg/k8s/exposer.go:62.3,63.21 2 0
github.com/omrikiei/ktunnel/pkg/k8s/exposer.go:63.21,65.4 1 0
github.com/omrikiei/ktunnel/pkg/k8s/exposer.go:66.3,80.4 2 0
github.com/omrikiei/ktunnel/pkg/k8s/exposer.go:83.2,107.45 7 0
github.com/omrikiei/ktunnel/pkg/k8s/exposer.go:107.45,113.17 2 0
github.com/omrikiei/ktunnel/pkg/k8s/exposer.go:113.17,115.4 1 0
github.com/omrikiei/ktunnel/pkg/k8s/exposer.go:116.3,118.33 3 0
github.com/omrikiei/ktunnel/pkg/k8s/exposer.go:120.2,120.33 1 0
github.com/omrikiei/ktunnel/pkg/k8s/exposer.go:120.33,128.17 6 0
github.com/omrikiei/ktunnel/pkg/k8s/exposer.go:128.17,130.4 1 0
github.com/omrikiei/ktunnel/pkg/k8s/exposer.go:131.3,137.17 3 0
github.com/omrikiei/ktunnel/pkg/k8s/exposer.go:137.17,139.4 1 0
github.com/omrikiei/ktunnel/pkg/k8s/exposer.go:142.2,142.14 1 0
github.com/omrikiei/ktunnel/pkg/k8s/exposer.go:142.14,143.25 1 0
github.com/omrikiei/ktunnel/pkg/k8s/exposer.go:143.25,145.4 1 0
github.com/omrikiei/ktunnel/pkg/k8s/exposer.go:146.3,146.49 1 0
github.com/omrikiei/ktunnel/pkg/k8s/exposer.go:149.2,149.21 1 0
github.com/omrikiei/ktunnel/pkg/k8s/exposer.go:149.21,153.46 4 0
github.com/omrikiei/ktunnel/pkg/k8s/exposer.go:153.46,161.18 2 0
github.com/omrikiei/ktunnel/pkg/k8s/exposer.go:161.18,163.5 1 0
github.com/omrikiei/ktunnel/pkg/k8s/exposer.go:164.4,165.28 2 0
github.com/omrikiei/ktunnel/pkg/k8s/exposer.go:167.3,167.31 1 0
github.com/omrikiei/ktunnel/pkg/k8s/exposer.go:167.31,173.18 4 0
github.com/omrikiei/ktunnel/pkg/k8s/exposer.go:173.18,175.5 1 0
github.com/omrikiei/ktunnel/pkg/k8s/exposer.go:176.4,182.18 3 0
github.com/omrikiei/ktunnel/pkg/k8s/exposer.go:182.18,184.5 1 0
github.com/omrikiei/ktunnel/pkg/k8s/exposer.go:186.3,186.20 1 0
github.com/omrikiei/ktunnel/pkg/k8s/exposer.go:186.20,187.23 1 0
github.com/omrikiei/ktunnel/pkg/k8s/exposer.go:187.23,189.5 1 0
github.com/omrikiei/ktunnel/pkg/k8s/exposer.go:190.4,190.50 1 0
github.com/omrikiei/ktunnel/pkg/k8s/exposer.go:192.3,192.74 1 0
github.com/omrikiei/ktunnel/pkg/k8s/exposer.go:195.2,196.12 2 0
github.com/omrikiei/ktunnel/pkg/k8s/exposer.go:199.86,200.21 1 0
github.com/omrikiei/ktunnel/pkg/k8s/exposer.go:200.21,203.17 3 0
github.com/omrikiei/ktunnel/pkg/k8s/exposer.go:203.17,205.4 1 0
github.com/omrikiei/ktunnel/pkg/k8s/exposer.go:207.2,209.16 3 0
github.com/omrikiei/ktunnel/pkg/k8s/exposer.go:209.16,211.3 1 0
github.com/omrikiei/ktunnel/pkg/k8s/exposer.go:212.2,212.12 1 0
github.com/omrikiei/ktunnel/pkg/k8s/injector.go:14.31,16.54 2 0
github.com/omrikiei/ktunnel/pkg/k8s/injector.go:16.54,18.3 1 0
github.com/omrikiei/ktunnel/pkg/k8s/injector.go:21.118,22.45 1 2
github.com/omrikiei/ktunnel/pkg/k8s/injector.go:22.45,26.3 3 1
github.com/omrikiei/ktunnel/pkg/k8s/injector.go:27.2,33.22 3 1
github.com/omrikiei/ktunnel/pkg/k8s/injector.go:33.22,35.3 1 0
github.com/omrikiei/ktunnel/pkg/k8s/injector.go:36.2,37.18 2 1
github.com/omrikiei/ktunnel/pkg/k8s/injector.go:40.176,48.16 8 0
github.com/omrikiei/ktunnel/pkg/k8s/injector.go:48.16,50.3 1 0
github.com/omrikiei/ktunnel/pkg/k8s/injector.go:51.2,51.35 1 0
github.com/omrikiei/ktunnel/pkg/k8s/injector.go:51.35,53.3 1 0
github.com/omrikiei/ktunnel/pkg/k8s/injector.go:54.2,55.16 2 0
github.com/omrikiei/ktunnel/pkg/k8s/injector.go:55.16,57.3 1 0
github.com/omrikiei/ktunnel/pkg/k8s/injector.go:58.2,58.18 1 0
github.com/omrikiei/ktunnel/pkg/k8s/injector.go:61.67,62.28 1 3
github.com/omrikiei/ktunnel/pkg/k8s/injector.go:62.28,64.3 1 2
github.com/omrikiei/ktunnel/pkg/k8s/injector.go:65.2,66.33 2 1
github.com/omrikiei/ktunnel/pkg/k8s/injector.go:66.33,67.23 1 1
github.com/omrikiei/ktunnel/pkg/k8s/injector.go:67.23,69.9 2 1
github.com/omrikiei/ktunnel/pkg/k8s/injector.go:73.2,73.18 1 1
github.com/omrikiei/ktunnel/pkg/k8s/injector.go:73.18,77.3 3 1
github.com/omrikiei/ktunnel/pkg/k8s/injector.go:77.8,79.3 1 0
github.com/omrikiei/ktunnel/pkg/k8s/injector.go:82.140,85.16 3 0
github.com/omrikiei/ktunnel/pkg/k8s/injector.go:85.16,87.3 1 0
github.com/omrikiei/ktunnel/pkg/k8s/injector.go:88.2,89.16 2 0
github.com/omrikiei/ktunnel/pkg/k8s/injector.go:89.16,91.3 1 0
github.com/omrikiei/ktunnel/pkg/k8s/injector.go:92.2,97.22 2 0
github.com/omrikiei/ktunnel/pkg/k8s/injector.go:97.22,99.3 1 0
github.com/omrikiei/ktunnel/pkg/k8s/injector.go:100.2,101.18 2 0
